Using pre-set license
Built from '2021.3/staging' branch; Version is '2021.3.24f1 (cf10dcf7010d) revision 13570268'; Using compiler version '192829333'; Build Type 'Release'
OS: 'Windows 10  (10.0.19044) 64bit CoreSingleLanguage' Language: 'es' Physical Memory: 12163 MB
BatchMode: 1, IsHumanControllingUs: 0, StartBugReporterOnCrash: 0, Is64bit: 1, IsPro: 1

COMMAND LINE ARGUMENTS:
C:\Program Files\Unity\Hub\Editor\2021.3.24f1\Editor\Unity.exe
-adb2
-batchMode
-noUpm
-name
AssetImportWorker0
-projectPath
C:/Users/Pato/Documents/GitHub/Kenney2023/Dimensional Dream
-logFile
Logs/AssetImportWorker0.log
-srvPort
52652
Successfully changed project path to: C:/Users/Pato/Documents/GitHub/Kenney2023/Dimensional Dream
C:/Users/Pato/Documents/GitHub/Kenney2023/Dimensional Dream
[UnityMemory] Configuration Parameters - Can be set up in boot.config
    "memorysetup-bucket-allocator-granularity=16"
    "memorysetup-bucket-allocator-bucket-count=8"
    "memorysetup-bucket-allocator-block-size=33554432"
    "memorysetup-bucket-allocator-block-count=8"
    "memorysetup-main-allocator-block-size=16777216"
    "memorysetup-thread-allocator-block-size=16777216"
    "memorysetup-gfx-main-allocator-block-size=16777216"
    "memorysetup-gfx-thread-allocator-block-size=16777216"
    "memorysetup-cache-allocator-block-size=4194304"
    "memorysetup-typetree-allocator-block-size=2097152"
    "memorysetup-profiler-bucket-allocator-granularity=16"
    "memorysetup-profiler-bucket-allocator-bucket-count=8"
    "memorysetup-profiler-bucket-allocator-block-size=33554432"
    "memorysetup-profiler-bucket-allocator-block-count=8"
    "memorysetup-profiler-allocator-block-size=16777216"
    "memorysetup-profiler-editor-allocator-block-size=1048576"
    "memorysetup-temp-allocator-size-main=16777216"
    "memorysetup-job-temp-allocator-block-size=2097152"
    "memorysetup-job-temp-allocator-block-size-background=1048576"
    "memorysetup-job-temp-allocator-reduction-small-platforms=262144"
    "memorysetup-temp-allocator-size-background-worker=32768"
    "memorysetup-temp-allocator-size-job-worker=262144"
    "memorysetup-temp-allocator-size-preload-manager=33554432"
    "memorysetup-temp-allocator-size-nav-mesh-worker=65536"
    "memorysetup-temp-allocator-size-audio-worker=65536"
    "memorysetup-temp-allocator-size-cloud-worker=32768"
    "memorysetup-temp-allocator-size-gi-baking-worker=262144"
    "memorysetup-temp-allocator-size-gfx=262144"
Player connection [17200] Host "[IP] 192.168.1.9 [Port] 0 [Flags] 2 [Guid] 222104019 [EditorId] 222104019 [Version] 1048832 [Id] WindowsEditor(7,DESKTOP-BAH8V7G) [Debug] 1 [PackageName] WindowsEditor [ProjectName] Editor" joined multi-casting on [225.0.0.222:54997]...

Player connection [17200] Host "[IP] 192.168.1.9 [Port] 0 [Flags] 2 [Guid] 222104019 [EditorId] 222104019 [Version] 1048832 [Id] WindowsEditor(7,DESKTOP-BAH8V7G) [Debug] 1 [PackageName] WindowsEditor [ProjectName] Editor" joined alternative multi-casting on [225.0.0.222:34997]...

Refreshing native plugins compatible for Editor in 104.53 ms, found 3 plugins.
Preloading 0 native plugins for Editor in 0.00 ms.
Initialize engine version: 2021.3.24f1 (cf10dcf7010d)
[Subsystems] Discovering subsystems at path C:/Program Files/Unity/Hub/Editor/2021.3.24f1/Editor/Data/Resources/UnitySubsystems
[Subsystems] Discovering subsystems at path C:/Users/Pato/Documents/GitHub/Kenney2023/Dimensional Dream/Assets
GfxDevice: creating device client; threaded=0; jobified=0
Direct3D:
    Version:  Direct3D 11.0 [level 11.1]
    Renderer: Intel(R) UHD Graphics 620 (ID=0x5917)
    Vendor:   Intel
    VRAM:     6081 MB
    Driver:   31.0.101.2111
Initialize mono
Mono path[0] = 'C:/Program Files/Unity/Hub/Editor/2021.3.24f1/Editor/Data/Managed'
Mono path[1] = 'C:/Program Files/Unity/Hub/Editor/2021.3.24f1/Editor/Data/MonoBleedingEdge/lib/mono/unityjit-win32'
Mono config path = 'C:/Program Files/Unity/Hub/Editor/2021.3.24f1/Editor/Data/MonoBleedingEdge/etc'
Using monoOptions --debugger-agent=transport=dt_socket,embedding=1,server=y,suspend=n,address=127.0.0.1:56696
Begin MonoManager ReloadAssembly
Registering precompiled unity dll's ...
Register platform support module: C:/Program Files/Unity/Hub/Editor/2021.3.24f1/Editor/Data/PlaybackEngines/WebGLSupport/UnityEditor.WebGL.Extensions.dll
Register platform support module: C:/Program Files/Unity/Hub/Editor/2021.3.24f1/Editor/Data/PlaybackEngines/WindowsStandaloneSupport/UnityEditor.WindowsStandalone.Extensions.dll
Registered in 0.012516 seconds.
Native extension for WindowsStandalone target not found
Native extension for WebGL target not found
Refreshing native plugins compatible for Editor in 105.82 ms, found 3 plugins.
Preloading 0 native plugins for Editor in 0.00 ms.
Mono: successfully reloaded assembly
- Completed reload, in  0.885 seconds
Domain Reload Profiling:
	ReloadAssembly (886ms)
		BeginReloadAssembly (149ms)
			ExecutionOrderSort (0ms)
			DisableScriptedObjects (0ms)
			BackupInstance (0ms)
			ReleaseScriptingObjects (0ms)
			CreateAndSetChildDomain (1ms)
		EndReloadAssembly (589ms)
			LoadAssemblies (145ms)
			RebuildTransferFunctionScriptingTraits (0ms)
			SetupTypeCache (151ms)
			ReleaseScriptCaches (0ms)
			RebuildScriptCaches (42ms)
			SetupLoadedEditorAssemblies (331ms)
				LogAssemblyErrors (0ms)
				InitializePlatformSupportModulesInManaged (13ms)
				SetLoadedEditorAssemblies (0ms)
				RefreshPlugins (106ms)
				BeforeProcessingInitializeOnLoad (1ms)
				ProcessInitializeOnLoadAttributes (153ms)
				ProcessInitializeOnLoadMethodAttributes (57ms)
				AfterProcessingInitializeOnLoad (0ms)
				EditorAssembliesLoaded (0ms)
			ExecutionOrderSort2 (0ms)
			AwakeInstancesAfterBackupRestoration (0ms)
Platform modules already initialized, skipping
Registering precompiled user dll's ...
Registered in 0.007824 seconds.
Begin MonoManager ReloadAssembly
Symbol file LoadedFromMemory doesn't match image C:\Users\Pato\Documents\GitHub\Kenney2023\Dimensional Dream\Library\PackageCache\com.unity.visualscripting@1.8.0\Editor\VisualScripting.Core\Dependencies\YamlDotNet\Unity.VisualScripting.YamlDotNet.dll
Symbol file LoadedFromMemory doesn't match image C:\Users\Pato\Documents\GitHub\Kenney2023\Dimensional Dream\Library\PackageCache\com.unity.visualscripting@1.8.0\Editor\VisualScripting.Core\Dependencies\DotNetZip\Unity.VisualScripting.IonicZip.dll
Native extension for WindowsStandalone target not found
Native extension for WebGL target not found
Refreshing native plugins compatible for Editor in 0.68 ms, found 3 plugins.
Preloading 0 native plugins for Editor in 0.00 ms.
Mono: successfully reloaded assembly
- Completed reload, in  1.287 seconds
Domain Reload Profiling:
	ReloadAssembly (1289ms)
		BeginReloadAssembly (160ms)
			ExecutionOrderSort (0ms)
			DisableScriptedObjects (9ms)
			BackupInstance (0ms)
			ReleaseScriptingObjects (0ms)
			CreateAndSetChildDomain (23ms)
		EndReloadAssembly (979ms)
			LoadAssemblies (118ms)
			RebuildTransferFunctionScriptingTraits (0ms)
			SetupTypeCache (333ms)
			ReleaseScriptCaches (1ms)
			RebuildScriptCaches (60ms)
			SetupLoadedEditorAssemblies (436ms)
				LogAssemblyErrors (0ms)
				InitializePlatformSupportModulesInManaged (9ms)
				SetLoadedEditorAssemblies (1ms)
				RefreshPlugins (1ms)
				BeforeProcessingInitializeOnLoad (112ms)
				ProcessInitializeOnLoadAttributes (265ms)
				ProcessInitializeOnLoadMethodAttributes (37ms)
				AfterProcessingInitializeOnLoad (12ms)
				EditorAssembliesLoaded (0ms)
			ExecutionOrderSort2 (0ms)
			AwakeInstancesAfterBackupRestoration (7ms)
Platform modules already initialized, skipping
========================================================================
Worker process is ready to serve import requests
Launched and connected shader compiler UnityShaderCompiler.exe after 0.05 seconds
Refreshing native plugins compatible for Editor in 0.78 ms, found 3 plugins.
Preloading 0 native plugins for Editor in 0.00 ms.
Unloading 3132 Unused Serialized files (Serialized files now loaded: 0)
Unloading 28 unused Assets / (113.9 KB). Loaded Objects now: 3596.
Memory consumption went from 112.6 MB to 112.5 MB.
Total: 3.615400 ms (FindLiveObjects: 0.331600 ms CreateObjectMapping: 0.263600 ms MarkObjects: 2.904400 ms  DeleteObjects: 0.115000 ms)

AssetImportParameters requested are different than current active one (requested -> active):
  custom:video-decoder-ogg-theora: a1e56fd34408186e4bbccfd4996cb3dc -> 
  custom:container-muxer-webm: aa71ff27fc2769a1b78a27578f13a17b -> 
  custom:container-demuxer-webm: 4f35f7cbe854078d1ac9338744f61a02 -> 
  custom:video-encoder-webm-vp8: eb34c28f22e8b96e1ab97ce403110664 -> 
  custom:audio-encoder-webm-vorbis: bf7c407c2cedff20999df2af8eb42d56 -> 
  custom:framework-win-MediaFoundation: 216162199b28c13a410421893ffa2e32 -> 
  custom:container-demuxer-ogg: 62fdf1f143b41e24485cea50d1cbac27 -> 
  custom:video-decoder-webm-vp8: 9c59270c3fd7afecdb556c50c9e8de78 -> 
  custom:audio-decoder-ogg-vorbis: bf7c407c2cedff20999df2af8eb42d56 -> 
========================================================================
Received Import Request.
  Time since last request: 233343.517860 seconds.
  path: Assets/Tiles/TinyDung/Sleep.png
  artifactKey: Guid(7572474da33abab4e8111d5fdbee3768) Importer(815301076,1909f56bfc062723c751e8b465ee728b)
Start importing Assets/Tiles/TinyDung/Sleep.png using Guid(7572474da33abab4e8111d5fdbee3768) Importer(815301076,1909f56bfc062723c751e8b465ee728b)  -> (artifact id: '8d192f3e9789a2994c489f9ab9c08ff4') in 0.138984 seconds 
========================================================================
Received Import Request.
  Time since last request: 10.974060 seconds.
  path: Assets/Tiles/TinyDung/Sleep.png
  artifactKey: Guid(7572474da33abab4e8111d5fdbee3768) Importer(815301076,1909f56bfc062723c751e8b465ee728b)
Start importing Assets/Tiles/TinyDung/Sleep.png using Guid(7572474da33abab4e8111d5fdbee3768) Importer(815301076,1909f56bfc062723c751e8b465ee728b)  -> (artifact id: '7290d238e8f1942e9eda1d716ebd6fbb') in 0.019537 seconds 
========================================================================
Received Import Request.
  Time since last request: 21.544850 seconds.
  path: Assets/Tiles/TinyDung/Sleep.png
  artifactKey: Guid(7572474da33abab4e8111d5fdbee3768) Importer(815301076,1909f56bfc062723c751e8b465ee728b)
Start importing Assets/Tiles/TinyDung/Sleep.png using Guid(7572474da33abab4e8111d5fdbee3768) Importer(815301076,1909f56bfc062723c751e8b465ee728b)  -> (artifact id: 'f19943981645b832eee2cc16e4ee2246') in 0.068820 seconds 
========================================================================
Received Prepare
Registering precompiled user dll's ...
Registered in 0.009241 seconds.
Begin MonoManager ReloadAssembly
Symbol file LoadedFromMemory doesn't match image C:\Users\Pato\Documents\GitHub\Kenney2023\Dimensional Dream\Library\PackageCache\com.unity.visualscripting@1.8.0\Editor\VisualScripting.Core\Dependencies\YamlDotNet\Unity.VisualScripting.YamlDotNet.dll
Symbol file LoadedFromMemory doesn't match image C:\Users\Pato\Documents\GitHub\Kenney2023\Dimensional Dream\Library\PackageCache\com.unity.visualscripting@1.8.0\Editor\VisualScripting.Core\Dependencies\DotNetZip\Unity.VisualScripting.IonicZip.dll
Native extension for WindowsStandalone target not found
Native extension for WebGL target not found
Refreshing native plugins compatible for Editor in 1.31 ms, found 3 plugins.
Preloading 0 native plugins for Editor in 0.00 ms.
Mono: successfully reloaded assembly
- Completed reload, in  1.919 seconds
Domain Reload Profiling:
	ReloadAssembly (1920ms)
		BeginReloadAssembly (201ms)
			ExecutionOrderSort (0ms)
			DisableScriptedObjects (8ms)
			BackupInstance (0ms)
			ReleaseScriptingObjects (0ms)
			CreateAndSetChildDomain (50ms)
		EndReloadAssembly (1593ms)
			LoadAssemblies (132ms)
			RebuildTransferFunctionScriptingTraits (0ms)
			SetupTypeCache (514ms)
			ReleaseScriptCaches (2ms)
			RebuildScriptCaches (91ms)
			SetupLoadedEditorAssemblies (728ms)
				LogAssemblyErrors (0ms)
				InitializePlatformSupportModulesInManaged (14ms)
				SetLoadedEditorAssemblies (1ms)
				RefreshPlugins (1ms)
				BeforeProcessingInitializeOnLoad (121ms)
				ProcessInitializeOnLoadAttributes (459ms)
				ProcessInitializeOnLoadMethodAttributes (95ms)
				AfterProcessingInitializeOnLoad (36ms)
				EditorAssembliesLoaded (0ms)
			ExecutionOrderSort2 (0ms)
			AwakeInstancesAfterBackupRestoration (26ms)
Platform modules already initialized, skipping
Refreshing native plugins compatible for Editor in 5.22 ms, found 3 plugins.
Preloading 0 native plugins for Editor in 0.00 ms.
Unloading 3127 Unused Serialized files (Serialized files now loaded: 0)
Unloading 17 unused Assets / (80.3 KB). Loaded Objects now: 3609.
Memory consumption went from 116.4 MB to 116.3 MB.
Total: 4.471000 ms (FindLiveObjects: 0.463100 ms CreateObjectMapping: 0.348400 ms MarkObjects: 3.438600 ms  DeleteObjects: 0.218500 ms)

AssetImportParameters requested are different than current active one (requested -> active):
  custom:video-decoder-ogg-theora: a1e56fd34408186e4bbccfd4996cb3dc -> 
  custom:container-muxer-webm: aa71ff27fc2769a1b78a27578f13a17b -> 
  custom:container-demuxer-webm: 4f35f7cbe854078d1ac9338744f61a02 -> 
  custom:video-encoder-webm-vp8: eb34c28f22e8b96e1ab97ce403110664 -> 
  custom:audio-encoder-webm-vorbis: bf7c407c2cedff20999df2af8eb42d56 -> 
  custom:framework-win-MediaFoundation: 216162199b28c13a410421893ffa2e32 -> 
  custom:container-demuxer-ogg: 62fdf1f143b41e24485cea50d1cbac27 -> 
  custom:video-decoder-webm-vp8: 9c59270c3fd7afecdb556c50c9e8de78 -> 
  custom:audio-decoder-ogg-vorbis: bf7c407c2cedff20999df2af8eb42d56 -> 
========================================================================
Received Import Request.
  Time since last request: 662.690472 seconds.
  path: Assets/Tiles/TinyDung/Sleep.png
  artifactKey: Guid(7572474da33abab4e8111d5fdbee3768) Importer(815301076,1909f56bfc062723c751e8b465ee728b)
Start importing Assets/Tiles/TinyDung/Sleep.png using Guid(7572474da33abab4e8111d5fdbee3768) Importer(815301076,1909f56bfc062723c751e8b465ee728b)  -> (artifact id: '1304fb6338a26c7c9b03be8ed7277f84') in 0.081422 seconds 
========================================================================
Received Prepare
Registering precompiled user dll's ...
Registered in 0.015256 seconds.
Begin MonoManager ReloadAssembly
Symbol file LoadedFromMemory doesn't match image C:\Users\Pato\Documents\GitHub\Kenney2023\Dimensional Dream\Library\PackageCache\com.unity.visualscripting@1.8.0\Editor\VisualScripting.Core\Dependencies\YamlDotNet\Unity.VisualScripting.YamlDotNet.dll
Symbol file LoadedFromMemory doesn't match image C:\Users\Pato\Documents\GitHub\Kenney2023\Dimensional Dream\Library\PackageCache\com.unity.visualscripting@1.8.0\Editor\VisualScripting.Core\Dependencies\DotNetZip\Unity.VisualScripting.IonicZip.dll
Native extension for WindowsStandalone target not found
Native extension for WebGL target not found
Refreshing native plugins compatible for Editor in 5.96 ms, found 3 plugins.
Preloading 0 native plugins for Editor in 0.00 ms.
Mono: successfully reloaded assembly
- Completed reload, in  4.910 seconds
Domain Reload Profiling:
	ReloadAssembly (4910ms)
		BeginReloadAssembly (866ms)
			ExecutionOrderSort (0ms)
			DisableScriptedObjects (10ms)
			BackupInstance (0ms)
			ReleaseScriptingObjects (1ms)
			CreateAndSetChildDomain (233ms)
		EndReloadAssembly (3390ms)
			LoadAssemblies (647ms)
			RebuildTransferFunctionScriptingTraits (0ms)
			SetupTypeCache (1570ms)
			ReleaseScriptCaches (10ms)
			RebuildScriptCaches (325ms)
			SetupLoadedEditorAssemblies (855ms)
				LogAssemblyErrors (0ms)
				InitializePlatformSupportModulesInManaged (61ms)
				SetLoadedEditorAssemblies (2ms)
				RefreshPlugins (6ms)
				BeforeProcessingInitializeOnLoad (369ms)
				ProcessInitializeOnLoadAttributes (354ms)
				ProcessInitializeOnLoadMethodAttributes (29ms)
				AfterProcessingInitializeOnLoad (34ms)
				EditorAssembliesLoaded (0ms)
			ExecutionOrderSort2 (0ms)
			AwakeInstancesAfterBackupRestoration (10ms)
Platform modules already initialized, skipping
Refreshing native plugins compatible for Editor in 2.42 ms, found 3 plugins.
Preloading 0 native plugins for Editor in 0.00 ms.
Unloading 3127 Unused Serialized files (Serialized files now loaded: 0)
Unloading 17 unused Assets / (80.3 KB). Loaded Objects now: 3612.
Memory consumption went from 116.4 MB to 116.3 MB.
Total: 2.870800 ms (FindLiveObjects: 0.258300 ms CreateObjectMapping: 0.158100 ms MarkObjects: 2.363800 ms  DeleteObjects: 0.089700 ms)

AssetImportParameters requested are different than current active one (requested -> active):
  custom:video-decoder-ogg-theora: a1e56fd34408186e4bbccfd4996cb3dc -> 
  custom:container-muxer-webm: aa71ff27fc2769a1b78a27578f13a17b -> 
  custom:container-demuxer-webm: 4f35f7cbe854078d1ac9338744f61a02 -> 
  custom:video-encoder-webm-vp8: eb34c28f22e8b96e1ab97ce403110664 -> 
  custom:audio-encoder-webm-vorbis: bf7c407c2cedff20999df2af8eb42d56 -> 
  custom:framework-win-MediaFoundation: 216162199b28c13a410421893ffa2e32 -> 
  custom:container-demuxer-ogg: 62fdf1f143b41e24485cea50d1cbac27 -> 
  custom:video-decoder-webm-vp8: 9c59270c3fd7afecdb556c50c9e8de78 -> 
  custom:audio-decoder-ogg-vorbis: bf7c407c2cedff20999df2af8eb42d56 -> 
========================================================================
Received Import Request.
  Time since last request: 39.873855 seconds.
  path: Assets/Tiles/TinyDung/Sleep.png
  artifactKey: Guid(7572474da33abab4e8111d5fdbee3768) Importer(815301076,1909f56bfc062723c751e8b465ee728b)
Start importing Assets/Tiles/TinyDung/Sleep.png using Guid(7572474da33abab4e8111d5fdbee3768) Importer(815301076,1909f56bfc062723c751e8b465ee728b)  -> (artifact id: '54049e329c6f5e6798e149eab145e14b') in 0.080297 seconds 
========================================================================
Received Prepare
Registering precompiled user dll's ...
Registered in 0.008111 seconds.
Begin MonoManager ReloadAssembly
Symbol file LoadedFromMemory doesn't match image C:\Users\Pato\Documents\GitHub\Kenney2023\Dimensional Dream\Library\PackageCache\com.unity.visualscripting@1.8.0\Editor\VisualScripting.Core\Dependencies\YamlDotNet\Unity.VisualScripting.YamlDotNet.dll
Symbol file LoadedFromMemory doesn't match image C:\Users\Pato\Documents\GitHub\Kenney2023\Dimensional Dream\Library\PackageCache\com.unity.visualscripting@1.8.0\Editor\VisualScripting.Core\Dependencies\DotNetZip\Unity.VisualScripting.IonicZip.dll
Native extension for WindowsStandalone target not found
Native extension for WebGL target not found
Refreshing native plugins compatible for Editor in 1.53 ms, found 3 plugins.
Preloading 0 native plugins for Editor in 0.00 ms.
Mono: successfully reloaded assembly
- Completed reload, in  1.935 seconds
Domain Reload Profiling:
	ReloadAssembly (1938ms)
		BeginReloadAssembly (195ms)
			ExecutionOrderSort (0ms)
			DisableScriptedObjects (8ms)
			BackupInstance (0ms)
			ReleaseScriptingObjects (0ms)
			CreateAndSetChildDomain (49ms)
		EndReloadAssembly (1602ms)
			LoadAssemblies (129ms)
			RebuildTransferFunctionScriptingTraits (0ms)
			SetupTypeCache (428ms)
			ReleaseScriptCaches (3ms)
			RebuildScriptCaches (84ms)
			SetupLoadedEditorAssemblies (823ms)
				LogAssemblyErrors (0ms)
				InitializePlatformSupportModulesInManaged (14ms)
				SetLoadedEditorAssemblies (1ms)
				RefreshPlugins (2ms)
				BeforeProcessingInitializeOnLoad (125ms)
				ProcessInitializeOnLoadAttributes (556ms)
				ProcessInitializeOnLoadMethodAttributes (82ms)
				AfterProcessingInitializeOnLoad (42ms)
				EditorAssembliesLoaded (1ms)
			ExecutionOrderSort2 (0ms)
			AwakeInstancesAfterBackupRestoration (25ms)
Platform modules already initialized, skipping
Refreshing native plugins compatible for Editor in 20.57 ms, found 3 plugins.
Preloading 0 native plugins for Editor in 0.00 ms.
Unloading 3127 Unused Serialized files (Serialized files now loaded: 0)
Unloading 17 unused Assets / (80.2 KB). Loaded Objects now: 3617.
Memory consumption went from 116.4 MB to 116.3 MB.
Total: 13.996400 ms (FindLiveObjects: 2.285000 ms CreateObjectMapping: 1.391100 ms MarkObjects: 9.317100 ms  DeleteObjects: 0.997400 ms)

AssetImportParameters requested are different than current active one (requested -> active):
  custom:video-decoder-ogg-theora: a1e56fd34408186e4bbccfd4996cb3dc -> 
  custom:container-muxer-webm: aa71ff27fc2769a1b78a27578f13a17b -> 
  custom:container-demuxer-webm: 4f35f7cbe854078d1ac9338744f61a02 -> 
  custom:video-encoder-webm-vp8: eb34c28f22e8b96e1ab97ce403110664 -> 
  custom:audio-encoder-webm-vorbis: bf7c407c2cedff20999df2af8eb42d56 -> 
  custom:framework-win-MediaFoundation: 216162199b28c13a410421893ffa2e32 -> 
  custom:container-demuxer-ogg: 62fdf1f143b41e24485cea50d1cbac27 -> 
  custom:video-decoder-webm-vp8: 9c59270c3fd7afecdb556c50c9e8de78 -> 
  custom:audio-decoder-ogg-vorbis: bf7c407c2cedff20999df2af8eb42d56 -> 
========================================================================
Received Prepare
Registering precompiled user dll's ...
Registered in 0.007951 seconds.
Begin MonoManager ReloadAssembly
Symbol file LoadedFromMemory doesn't match image C:\Users\Pato\Documents\GitHub\Kenney2023\Dimensional Dream\Library\PackageCache\com.unity.visualscripting@1.8.0\Editor\VisualScripting.Core\Dependencies\YamlDotNet\Unity.VisualScripting.YamlDotNet.dll
Symbol file LoadedFromMemory doesn't match image C:\Users\Pato\Documents\GitHub\Kenney2023\Dimensional Dream\Library\PackageCache\com.unity.visualscripting@1.8.0\Editor\VisualScripting.Core\Dependencies\DotNetZip\Unity.VisualScripting.IonicZip.dll
Native extension for WindowsStandalone target not found
Native extension for WebGL target not found
Refreshing native plugins compatible for Editor in 10.95 ms, found 3 plugins.
Preloading 0 native plugins for Editor in 0.00 ms.
Mono: successfully reloaded assembly
- Completed reload, in  8.994 seconds
Domain Reload Profiling:
	ReloadAssembly (8999ms)
		BeginReloadAssembly (1342ms)
			ExecutionOrderSort (0ms)
			DisableScriptedObjects (20ms)
			BackupInstance (0ms)
			ReleaseScriptingObjects (0ms)
			CreateAndSetChildDomain (317ms)
		EndReloadAssembly (6506ms)
			LoadAssemblies (1063ms)
			RebuildTransferFunctionScriptingTraits (0ms)
			SetupTypeCache (2085ms)
			ReleaseScriptCaches (7ms)
			RebuildScriptCaches (434ms)
			SetupLoadedEditorAssemblies (2856ms)
				LogAssemblyErrors (0ms)
				InitializePlatformSupportModulesInManaged (79ms)
				SetLoadedEditorAssemblies (3ms)
				RefreshPlugins (11ms)
				BeforeProcessingInitializeOnLoad (510ms)
				ProcessInitializeOnLoadAttributes (1912ms)
				ProcessInitializeOnLoadMethodAttributes (251ms)
				AfterProcessingInitializeOnLoad (89ms)
				EditorAssembliesLoaded (1ms)
			ExecutionOrderSort2 (0ms)
			AwakeInstancesAfterBackupRestoration (59ms)
Platform modules already initialized, skipping
Refreshing native plugins compatible for Editor in 74.50 ms, found 3 plugins.
Preloading 0 native plugins for Editor in 0.00 ms.
Unloading 3127 Unused Serialized files (Serialized files now loaded: 0)
Unloading 17 unused Assets / (80.2 KB). Loaded Objects now: 3620.
Memory consumption went from 116.4 MB to 116.3 MB.
Total: 28.761000 ms (FindLiveObjects: 1.492900 ms CreateObjectMapping: 0.419600 ms MarkObjects: 26.596300 ms  DeleteObjects: 0.249200 ms)

AssetImportParameters requested are different than current active one (requested -> active):
  custom:video-decoder-ogg-theora: a1e56fd34408186e4bbccfd4996cb3dc -> 
  custom:container-muxer-webm: aa71ff27fc2769a1b78a27578f13a17b -> 
  custom:container-demuxer-webm: 4f35f7cbe854078d1ac9338744f61a02 -> 
  custom:video-encoder-webm-vp8: eb34c28f22e8b96e1ab97ce403110664 -> 
  custom:audio-encoder-webm-vorbis: bf7c407c2cedff20999df2af8eb42d56 -> 
  custom:framework-win-MediaFoundation: 216162199b28c13a410421893ffa2e32 -> 
  custom:container-demuxer-ogg: 62fdf1f143b41e24485cea50d1cbac27 -> 
  custom:video-decoder-webm-vp8: 9c59270c3fd7afecdb556c50c9e8de78 -> 
  custom:audio-decoder-ogg-vorbis: bf7c407c2cedff20999df2af8eb42d56 -> 
========================================================================
Received Import Request.
  Time since last request: 2148.737792 seconds.
  path: Assets/Tiles/Tiles/Sand/tile_0000.png
  artifactKey: Guid(75a84575d18673840ba49dac8f37a7db) Importer(815301076,1909f56bfc062723c751e8b465ee728b)
Start importing Assets/Tiles/Tiles/Sand/tile_0000.png using Guid(75a84575d18673840ba49dac8f37a7db) Importer(815301076,1909f56bfc062723c751e8b465ee728b)  -> (artifact id: '38580784f4188eea41ec08f1dbaf557e') in 0.075771 seconds 
========================================================================
Received Import Request.
  Time since last request: 0.000042 seconds.
  path: Assets/Tiles/Tiles/Sand/tile_0006.png
  artifactKey: Guid(1a773e8a540c2ad42aa2625ae6ad68c2) Importer(815301076,1909f56bfc062723c751e8b465ee728b)
Start importing Assets/Tiles/Tiles/Sand/tile_0006.png using Guid(1a773e8a540c2ad42aa2625ae6ad68c2) Importer(815301076,1909f56bfc062723c751e8b465ee728b)  -> (artifact id: '171063113c21ae4c2fa8da64d04513be') in 0.035464 seconds 
========================================================================
Received Import Request.
  Time since last request: 0.000025 seconds.
  path: Assets/Tiles/Tiles/Sand/tile_0017.png
  artifactKey: Guid(5f021f45a049cb4499eb777659d4234b) Importer(815301076,1909f56bfc062723c751e8b465ee728b)
Start importing Assets/Tiles/Tiles/Sand/tile_0017.png using Guid(5f021f45a049cb4499eb777659d4234b) Importer(815301076,1909f56bfc062723c751e8b465ee728b)  -> (artifact id: 'c33d57a27d49a43ba01d36377d3e207c') in 0.034807 seconds 
========================================================================
Received Import Request.
  Time since last request: 0.000033 seconds.
  path: Assets/Tiles/Tiles/Sand/tile_0025.png
  artifactKey: Guid(9d6f682a96d612b4bbfb70947cca9dae) Importer(815301076,1909f56bfc062723c751e8b465ee728b)
Start importing Assets/Tiles/Tiles/Sand/tile_0025.png using Guid(9d6f682a96d612b4bbfb70947cca9dae) Importer(815301076,1909f56bfc062723c751e8b465ee728b)  -> (artifact id: 'e240c0435066c9ef9623e6e1ffcc24b3') in 0.040478 seconds 
========================================================================
Received Import Request.
  Time since last request: 0.000029 seconds.
  path: Assets/Tiles/Tiles/Sand/tile_0015.png
  artifactKey: Guid(5667b2135d9fb21439df30a063f6f020) Importer(815301076,1909f56bfc062723c751e8b465ee728b)
Start importing Assets/Tiles/Tiles/Sand/tile_0015.png using Guid(5667b2135d9fb21439df30a063f6f020) Importer(815301076,1909f56bfc062723c751e8b465ee728b)  -> (artifact id: '066e871a714bd93cb7cf05beae434d16') in 0.039883 seconds 
========================================================================
Received Import Request.
  Time since last request: 0.000045 seconds.
  path: Assets/Tiles/Tiles/Sand/tile_0003.png
  artifactKey: Guid(3564d5ad9c194fc4aa4f71ee826eaa59) Importer(815301076,1909f56bfc062723c751e8b465ee728b)
Start importing Assets/Tiles/Tiles/Sand/tile_0003.png using Guid(3564d5ad9c194fc4aa4f71ee826eaa59) Importer(815301076,1909f56bfc062723c751e8b465ee728b)  -> (artifact id: '5e105820a610d41b36dde2e853215a23') in 0.041963 seconds 
========================================================================
Received Import Request.
  Time since last request: 0.000028 seconds.
  path: Assets/Tiles/Tiles/Sand/tile_0022.png
  artifactKey: Guid(1cb55de69351b5a40acf3e301a2c789a) Importer(815301076,1909f56bfc062723c751e8b465ee728b)
Start importing Assets/Tiles/Tiles/Sand/tile_0022.png using Guid(1cb55de69351b5a40acf3e301a2c789a) Importer(815301076,1909f56bfc062723c751e8b465ee728b)  -> (artifact id: 'ffa90ee4bc53a0d07d19593ca7524e76') in 0.044681 seconds 
========================================================================
Received Import Request.
  Time since last request: 0.000035 seconds.
  path: Assets/Tiles/Tiles/Sand/tile_0010.png
  artifactKey: Guid(56854d00a12290144b013901b38ad360) Importer(815301076,1909f56bfc062723c751e8b465ee728b)
Start importing Assets/Tiles/Tiles/Sand/tile_0010.png using Guid(56854d00a12290144b013901b38ad360) Importer(815301076,1909f56bfc062723c751e8b465ee728b)  -> (artifact id: '9eaeb5d4c9077a85874029db2e4e09a0') in 0.044744 seconds 
========================================================================
Received Import Request.
  Time since last request: 0.000039 seconds.
  path: Assets/Tiles/Tiles/Sand/tile_0026.png
  artifactKey: Guid(e0942b05c8383394c9751802e47d66b7) Importer(815301076,1909f56bfc062723c751e8b465ee728b)
Start importing Assets/Tiles/Tiles/Sand/tile_0026.png using Guid(e0942b05c8383394c9751802e47d66b7) Importer(815301076,1909f56bfc062723c751e8b465ee728b)  -> (artifact id: '26cf355aeca9329af17d7b5a397b1340') in 0.052506 seconds 
========================================================================
Received Import Request.
  Time since last request: 0.000050 seconds.
  path: Assets/Tiles/Tiles/Sand/tile_0019.png
  artifactKey: Guid(936e02bd93b2a27459fcbc74fa9f5f36) Importer(815301076,1909f56bfc062723c751e8b465ee728b)
Start importing Assets/Tiles/Tiles/Sand/tile_0019.png using Guid(936e02bd93b2a27459fcbc74fa9f5f36) Importer(815301076,1909f56bfc062723c751e8b465ee728b)  -> (artifact id: '80811ee08617612a87f9bd32be48bcf8') in 0.046671 seconds 
========================================================================
Received Import Request.
  Time since last request: 0.000054 seconds.
  path: Assets/Tiles/Tiles/Sand/tile_0012.png
  artifactKey: Guid(1f594f221842fe74fbea5d837fd4df72) Importer(815301076,1909f56bfc062723c751e8b465ee728b)
Start importing Assets/Tiles/Tiles/Sand/tile_0012.png using Guid(1f594f221842fe74fbea5d837fd4df72) Importer(815301076,1909f56bfc062723c751e8b465ee728b)  -> (artifact id: 'fc6fee9a35f7ef8f6bcf141379333f5e') in 0.038809 seconds 
========================================================================
Received Import Request.
  Time since last request: 0.000046 seconds.
  path: Assets/Tiles/Tiles/Sand/tile_0020.png
  artifactKey: Guid(879ad5f1b1a5a154caa0ef8990cee08f) Importer(815301076,1909f56bfc062723c751e8b465ee728b)
Start importing Assets/Tiles/Tiles/Sand/tile_0020.png using Guid(879ad5f1b1a5a154caa0ef8990cee08f) Importer(815301076,1909f56bfc062723c751e8b465ee728b)  -> (artifact id: '9831434697849258791bc76f904158aa') in 0.044270 seconds 
========================================================================
Received Import Request.
  Time since last request: 0.000032 seconds.
  path: Assets/Tiles/Tiles/Sand/tile_0016.png
  artifactKey: Guid(8aece51bbbe95ad41a287d0e72420324) Importer(815301076,1909f56bfc062723c751e8b465ee728b)
Start importing Assets/Tiles/Tiles/Sand/tile_0016.png using Guid(8aece51bbbe95ad41a287d0e72420324) Importer(815301076,1909f56bfc062723c751e8b465ee728b)  -> (artifact id: '0af0a2b39ba06f2b270af04442e83a6e') in 0.039212 seconds 
========================================================================
Received Import Request.
  Time since last request: 0.000048 seconds.
  path: Assets/Tiles/Tiles/Sand/tile_0023.png
  artifactKey: Guid(9047de40d563c15408d1641834c6fa6c) Importer(815301076,1909f56bfc062723c751e8b465ee728b)
Start importing Assets/Tiles/Tiles/Sand/tile_0023.png using Guid(9047de40d563c15408d1641834c6fa6c) Importer(815301076,1909f56bfc062723c751e8b465ee728b)  -> (artifact id: '0d6f6ecfd7c87c6a2e8de81f67c9d39c') in 0.041185 seconds 
========================================================================
Received Import Request.
  Time since last request: 0.000040 seconds.
  path: Assets/Tiles/Tiles/Sand/tile_0002.png
  artifactKey: Guid(cd7f46fcfd8a15d468d49d0791ee8c8a) Importer(815301076,1909f56bfc062723c751e8b465ee728b)
Start importing Assets/Tiles/Tiles/Sand/tile_0002.png using Guid(cd7f46fcfd8a15d468d49d0791ee8c8a) Importer(815301076,1909f56bfc062723c751e8b465ee728b)  -> (artifact id: 'fd67a316a06d72cf6d5a7407826741af') in 0.037641 seconds 
========================================================================
Received Import Request.
  Time since last request: 0.000089 seconds.
  path: Assets/Tiles/Tiles/Sand/tile_0024.png
  artifactKey: Guid(2a75bdd5c7de78344b2a95f62bbf8960) Importer(815301076,1909f56bfc062723c751e8b465ee728b)
Start importing Assets/Tiles/Tiles/Sand/tile_0024.png using Guid(2a75bdd5c7de78344b2a95f62bbf8960) Importer(815301076,1909f56bfc062723c751e8b465ee728b)  -> (artifact id: '5a8b5f4e21bebe31e82aad4c8ddb473e') in 0.038284 seconds 
========================================================================
Received Import Request.
  Time since last request: 0.000037 seconds.
  path: Assets/Tiles/Tiles/Sand/tile_0029.png
  artifactKey: Guid(a5bd0301a9a9de9448262508601d3524) Importer(815301076,1909f56bfc062723c751e8b465ee728b)
Start importing Assets/Tiles/Tiles/Sand/tile_0029.png using Guid(a5bd0301a9a9de9448262508601d3524) Importer(815301076,1909f56bfc062723c751e8b465ee728b)  -> (artifact id: '3d0a1d7dffe65e7ce40f464cb1ae7296') in 0.038733 seconds 
========================================================================
Received Import Request.
  Time since last request: 0.104171 seconds.
  path: Assets/Tiles/Tiles/Rock/tile_0000.png
  artifactKey: Guid(d78861a602809ba44979b4a6f0003fe7) Importer(815301076,1909f56bfc062723c751e8b465ee728b)
Start importing Assets/Tiles/Tiles/Rock/tile_0000.png using Guid(d78861a602809ba44979b4a6f0003fe7) Importer(815301076,1909f56bfc062723c751e8b465ee728b)  -> (artifact id: '77c77887268590f2c882c8131d08b1ff') in 0.027739 seconds 
========================================================================
Received Import Request.
  Time since last request: 0.000024 seconds.
  path: Assets/Tiles/Tiles/Rock/tile_0028.png
  artifactKey: Guid(6713a8dde00d04143aa444b59b9d62b3) Importer(815301076,1909f56bfc062723c751e8b465ee728b)
Start importing Assets/Tiles/Tiles/Rock/tile_0028.png using Guid(6713a8dde00d04143aa444b59b9d62b3) Importer(815301076,1909f56bfc062723c751e8b465ee728b)  -> (artifact id: '5c12d7398a7be266165b1ba92e21967f') in 0.033990 seconds 
========================================================================
Received Import Request.
  Time since last request: 0.000025 seconds.
  path: Assets/Tiles/Tiles/Rock/tile_0008.png
  artifactKey: Guid(d359658beb9ebb94995dc20fdce28e11) Importer(815301076,1909f56bfc062723c751e8b465ee728b)
Start importing Assets/Tiles/Tiles/Rock/tile_0008.png using Guid(d359658beb9ebb94995dc20fdce28e11) Importer(815301076,1909f56bfc062723c751e8b465ee728b)  -> (artifact id: '279d7d5ec5910aac084c191df2caf073') in 0.033473 seconds 
========================================================================
Received Import Request.
  Time since last request: 0.000049 seconds.
  path: Assets/Tiles/Tiles/Rock/tile_0006.png
  artifactKey: Guid(e8f7e47f836354f439161facb883dd36) Importer(815301076,1909f56bfc062723c751e8b465ee728b)
Start importing Assets/Tiles/Tiles/Rock/tile_0006.png using Guid(e8f7e47f836354f439161facb883dd36) Importer(815301076,1909f56bfc062723c751e8b465ee728b)  -> (artifact id: 'a6bc34ac6d14a61129e335db28ccebef') in 0.033613 seconds 
========================================================================
Received Import Request.
  Time since last request: 0.000022 seconds.
  path: Assets/Tiles/Tiles/Rock/tile_0011.png
  artifactKey: Guid(a2a8c6a86a8eea24fbb1f5d11ba8bb2c) Importer(815301076,1909f56bfc062723c751e8b465ee728b)
Start importing Assets/Tiles/Tiles/Rock/tile_0011.png using Guid(a2a8c6a86a8eea24fbb1f5d11ba8bb2c) Importer(815301076,1909f56bfc062723c751e8b465ee728b)  -> (artifact id: '49875befb750fa6374d55b9e67cb0f21') in 0.030461 seconds 
========================================================================
Received Import Request.
  Time since last request: 0.000022 seconds.
  path: Assets/Tiles/Tiles/Rock/tile_0014.png
  artifactKey: Guid(57e313124e59504439dc70e310a6e35d) Importer(815301076,1909f56bfc062723c751e8b465ee728b)
Start importing Assets/Tiles/Tiles/Rock/tile_0014.png using Guid(57e313124e59504439dc70e310a6e35d) Importer(815301076,1909f56bfc062723c751e8b465ee728b)  -> (artifact id: '19081112d80c93e4f055f9e7a0205f4f') in 0.030506 seconds 
========================================================================
Received Import Request.
  Time since last request: 0.000030 seconds.
  path: Assets/Tiles/Tiles/Rock/tile_0017.png
  artifactKey: Guid(919b4de1f722a414fb563f22964c50a7) Importer(815301076,1909f56bfc062723c751e8b465ee728b)
Start importing Assets/Tiles/Tiles/Rock/tile_0017.png using Guid(919b4de1f722a414fb563f22964c50a7) Importer(815301076,1909f56bfc062723c751e8b465ee728b)  -> (artifact id: '026ab374391974816be0f3487e0927ab') in 0.029866 seconds 
========================================================================
Received Import Request.
  Time since last request: 0.000028 seconds.
  path: Assets/Tiles/Tiles/Rock/tile_0005.png
  artifactKey: Guid(05542b22cc197594ca4d00403698434d) Importer(815301076,1909f56bfc062723c751e8b465ee728b)
Start importing Assets/Tiles/Tiles/Rock/tile_0005.png using Guid(05542b22cc197594ca4d00403698434d) Importer(815301076,1909f56bfc062723c751e8b465ee728b)  -> (artifact id: '5600f0fc565cdc4f871f7dbd970f7492') in 0.036980 seconds 
========================================================================
Received Import Request.
  Time since last request: 0.000033 seconds.
  path: Assets/Tiles/Tiles/Rock/tile_0025.png
  artifactKey: Guid(442867b08bcb9504b8c0587c507dd74a) Importer(815301076,1909f56bfc062723c751e8b465ee728b)
Start importing Assets/Tiles/Tiles/Rock/tile_0025.png using Guid(442867b08bcb9504b8c0587c507dd74a) Importer(815301076,1909f56bfc062723c751e8b465ee728b)  -> (artifact id: '9b8dde164db9d58a749ca790177db79a') in 0.032884 seconds 
========================================================================
Received Import Request.
  Time since last request: 0.000028 seconds.
  path: Assets/Tiles/Tiles/Rock/tile_0016.png
  artifactKey: Guid(ff207eba161956244baff1f300e8ede3) Importer(815301076,1909f56bfc062723c751e8b465ee728b)
Start importing Assets/Tiles/Tiles/Rock/tile_0016.png using Guid(ff207eba161956244baff1f300e8ede3) Importer(815301076,1909f56bfc062723c751e8b465ee728b)  -> (artifact id: 'dd8082b775d8be97dc84cab76edda55d') in 0.036194 seconds 
========================================================================
Received Import Request.
  Time since last request: 0.000039 seconds.
  path: Assets/Tiles/Tiles/Rock/tile_0015.png
  artifactKey: Guid(3b5d30fdab6eccb4383d51af3f43a3e7) Importer(815301076,1909f56bfc062723c751e8b465ee728b)
Start importing Assets/Tiles/Tiles/Rock/tile_0015.png using Guid(3b5d30fdab6eccb4383d51af3f43a3e7) Importer(815301076,1909f56bfc062723c751e8b465ee728b)  -> (artifact id: 'ce768c1f67fa64b132c4a9140a263eb7') in 0.032785 seconds 
========================================================================
Received Import Request.
  Time since last request: 0.000025 seconds.
  path: Assets/Tiles/Tiles/Rock/tile_0022.png
  artifactKey: Guid(38a2c631de3447546b15ee9bd85fa4ed) Importer(815301076,1909f56bfc062723c751e8b465ee728b)
Start importing Assets/Tiles/Tiles/Rock/tile_0022.png using Guid(38a2c631de3447546b15ee9bd85fa4ed) Importer(815301076,1909f56bfc062723c751e8b465ee728b)  -> (artifact id: '3cc898766f3b1fb2b376f1431a38efeb') in 0.029001 seconds 
========================================================================
Received Import Request.
  Time since last request: 0.000021 seconds.
  path: Assets/Tiles/Tiles/Rock/tile_0020.png
  artifactKey: Guid(54ce52da1c81f7749973292a75603334) Importer(815301076,1909f56bfc062723c751e8b465ee728b)
Start importing Assets/Tiles/Tiles/Rock/tile_0020.png using Guid(54ce52da1c81f7749973292a75603334) Importer(815301076,1909f56bfc062723c751e8b465ee728b)  -> (artifact id: 'cd51cff8c30ba08ee9d074d89d70eff5') in 0.033437 seconds 
========================================================================
Received Import Request.
  Time since last request: 0.000031 seconds.
  path: Assets/Tiles/Tiles/Rock/tile_0007.png
  artifactKey: Guid(ff8ec3d27709c9f429549ce6dcfef154) Importer(815301076,1909f56bfc062723c751e8b465ee728b)
Start importing Assets/Tiles/Tiles/Rock/tile_0007.png using Guid(ff8ec3d27709c9f429549ce6dcfef154) Importer(815301076,1909f56bfc062723c751e8b465ee728b)  -> (artifact id: 'e220feea154454fdb629be7895187932') in 0.038632 seconds 
========================================================================
Received Import Request.
  Time since last request: 0.000028 seconds.
  path: Assets/Tiles/Tiles/Rock/tile_0013.png
  artifactKey: Guid(189408421a663a94a8a5e3bacbf230d5) Importer(815301076,1909f56bfc062723c751e8b465ee728b)
Start importing Assets/Tiles/Tiles/Rock/tile_0013.png using Guid(189408421a663a94a8a5e3bacbf230d5) Importer(815301076,1909f56bfc062723c751e8b465ee728b)  -> (artifact id: '9e881b47a4d50243f0c44666160b0a60') in 0.034873 seconds 
========================================================================
Received Import Request.
  Time since last request: 67.147387 seconds.
  path: Assets/Tiles/Tilemap/stone_packed.png
  artifactKey: Guid(076c5d0ac364a444e958df1330388c52) Importer(815301076,1909f56bfc062723c751e8b465ee728b)
Start importing Assets/Tiles/Tilemap/stone_packed.png using Guid(076c5d0ac364a444e958df1330388c52) Importer(815301076,1909f56bfc062723c751e8b465ee728b)  -> (artifact id: '73cc814afc2218ddbc6edc3ea6145e66') in 0.235839 seconds 
========================================================================
Received Import Request.
  Time since last request: 1458.529820 seconds.
  path: Assets/Font/PalyButton.png
  artifactKey: Guid(130cb0b0ae865404987ef53ea2c5b3c2) Importer(815301076,1909f56bfc062723c751e8b465ee728b)
Start importing Assets/Font/PalyButton.png using Guid(130cb0b0ae865404987ef53ea2c5b3c2) Importer(815301076,1909f56bfc062723c751e8b465ee728b)  -> (artifact id: 'f0228b501f902ddee109c7814fb60f4c') in 0.024938 seconds 
========================================================================
Received Import Request.
  Time since last request: 18.080439 seconds.
  path: Assets/Font/PalyButton.png
  artifactKey: Guid(130cb0b0ae865404987ef53ea2c5b3c2) Importer(815301076,1909f56bfc062723c751e8b465ee728b)
Start importing Assets/Font/PalyButton.png using Guid(130cb0b0ae865404987ef53ea2c5b3c2) Importer(815301076,1909f56bfc062723c751e8b465ee728b)  -> (artifact id: '96271094fbafcb9fff68e4d4854d7429') in 0.026072 seconds 
========================================================================
Received Import Request.
  Time since last request: 47.070233 seconds.
  path: Assets/Font/PalyButton.png
  artifactKey: Guid(130cb0b0ae865404987ef53ea2c5b3c2) Importer(815301076,1909f56bfc062723c751e8b465ee728b)
Start importing Assets/Font/PalyButton.png using Guid(130cb0b0ae865404987ef53ea2c5b3c2) Importer(815301076,1909f56bfc062723c751e8b465ee728b)  -> (artifact id: 'b1cf54e73b588fc03705ca60658026c5') in 0.028424 seconds 
========================================================================
Received Import Request.
  Time since last request: 212.393511 seconds.
  path: Assets/Font/PalyButton.png
  artifactKey: Guid(130cb0b0ae865404987ef53ea2c5b3c2) Importer(815301076,1909f56bfc062723c751e8b465ee728b)
Start importing Assets/Font/PalyButton.png using Guid(130cb0b0ae865404987ef53ea2c5b3c2) Importer(815301076,1909f56bfc062723c751e8b465ee728b)  -> (artifact id: '5d624a32bca2ab270d9fa7f112fae0d8') in 0.027208 seconds 
========================================================================
Received Import Request.
  Time since last request: 39.036816 seconds.
  path: Assets/Font/PalyButton.png
  artifactKey: Guid(130cb0b0ae865404987ef53ea2c5b3c2) Importer(815301076,1909f56bfc062723c751e8b465ee728b)
Start importing Assets/Font/PalyButton.png using Guid(130cb0b0ae865404987ef53ea2c5b3c2) Importer(815301076,1909f56bfc062723c751e8b465ee728b)  -> (artifact id: '03d0b06e5aa96ac8fa6a3756afa7e0cf') in 0.027286 seconds 
========================================================================
Received Import Request.
  Time since last request: 12.141930 seconds.
  path: Assets/Font/PalyButton.png
  artifactKey: Guid(130cb0b0ae865404987ef53ea2c5b3c2) Importer(815301076,1909f56bfc062723c751e8b465ee728b)
Start importing Assets/Font/PalyButton.png using Guid(130cb0b0ae865404987ef53ea2c5b3c2) Importer(815301076,1909f56bfc062723c751e8b465ee728b)  -> (artifact id: '1c7307cb915177952b983b97854838d6') in 0.027472 seconds 
========================================================================
Received Import Request.
  Time since last request: 31.950460 seconds.
  path: Assets/Font/PalyButton.png
  artifactKey: Guid(130cb0b0ae865404987ef53ea2c5b3c2) Importer(815301076,1909f56bfc062723c751e8b465ee728b)
Start importing Assets/Font/PalyButton.png using Guid(130cb0b0ae865404987ef53ea2c5b3c2) Importer(815301076,1909f56bfc062723c751e8b465ee728b)  -> (artifact id: 'eae225c6134b013c85945b790fffdca3') in 0.027151 seconds 
========================================================================
Received Import Request.
  Time since last request: 20.957149 seconds.
  path: Assets/Font/PalyButton.png
  artifactKey: Guid(130cb0b0ae865404987ef53ea2c5b3c2) Importer(815301076,1909f56bfc062723c751e8b465ee728b)
Start importing Assets/Font/PalyButton.png using Guid(130cb0b0ae865404987ef53ea2c5b3c2) Importer(815301076,1909f56bfc062723c751e8b465ee728b)  -> (artifact id: '7616b05d9cafb563e30ce5472e7161a7') in 0.029381 seconds 
========================================================================
Received Import Request.
  Time since last request: 14.020956 seconds.
  path: Assets/Font/PalyButton.png
  artifactKey: Guid(130cb0b0ae865404987ef53ea2c5b3c2) Importer(815301076,1909f56bfc062723c751e8b465ee728b)
Start importing Assets/Font/PalyButton.png using Guid(130cb0b0ae865404987ef53ea2c5b3c2) Importer(815301076,1909f56bfc062723c751e8b465ee728b)  -> (artifact id: 'a8a22977086077f36ccbffb4c5b43339') in 0.029073 seconds 
========================================================================
Received Import Request.
  Time since last request: 38.515302 seconds.
  path: Assets/Font/PalyButton.png
  artifactKey: Guid(130cb0b0ae865404987ef53ea2c5b3c2) Importer(815301076,1909f56bfc062723c751e8b465ee728b)
Start importing Assets/Font/PalyButton.png using Guid(130cb0b0ae865404987ef53ea2c5b3c2) Importer(815301076,1909f56bfc062723c751e8b465ee728b)  -> (artifact id: '096473ad697b04712a909a7a8314990b') in 0.028169 seconds 
========================================================================
Received Prepare
Registering precompiled user dll's ...
Registered in 0.008471 seconds.
Begin MonoManager ReloadAssembly
Symbol file LoadedFromMemory doesn't match image C:\Users\Pato\Documents\GitHub\Kenney2023\Dimensional Dream\Library\PackageCache\com.unity.visualscripting@1.8.0\Editor\VisualScripting.Core\Dependencies\YamlDotNet\Unity.VisualScripting.YamlDotNet.dll
Symbol file LoadedFromMemory doesn't match image C:\Users\Pato\Documents\GitHub\Kenney2023\Dimensional Dream\Library\PackageCache\com.unity.visualscripting@1.8.0\Editor\VisualScripting.Core\Dependencies\DotNetZip\Unity.VisualScripting.IonicZip.dll
Native extension for WindowsStandalone target not found
Native extension for WebGL target not found
Refreshing native plugins compatible for Editor in 0.69 ms, found 3 plugins.
Preloading 0 native plugins for Editor in 0.00 ms.
Mono: successfully reloaded assembly
- Completed reload, in  2.986 seconds
Domain Reload Profiling:
	ReloadAssembly (2993ms)
		BeginReloadAssembly (1591ms)
			ExecutionOrderSort (0ms)
			DisableScriptedObjects (82ms)
			BackupInstance (0ms)
			ReleaseScriptingObjects (1ms)
			CreateAndSetChildDomain (634ms)
		EndReloadAssembly (1007ms)
			LoadAssemblies (557ms)
			RebuildTransferFunctionScriptingTraits (0ms)
			SetupTypeCache (402ms)
			ReleaseScriptCaches (1ms)
			RebuildScriptCaches (50ms)
			SetupLoadedEditorAssemblies (378ms)
				LogAssemblyErrors (0ms)
				InitializePlatformSupportModulesInManaged (9ms)
				SetLoadedEditorAssemblies (1ms)
				RefreshPlugins (1ms)
				BeforeProcessingInitializeOnLoad (80ms)
				ProcessInitializeOnLoadAttributes (245ms)
				ProcessInitializeOnLoadMethodAttributes (30ms)
				AfterProcessingInitializeOnLoad (12ms)
				EditorAssembliesLoaded (0ms)
			ExecutionOrderSort2 (0ms)
			AwakeInstancesAfterBackupRestoration (11ms)
Platform modules already initialized, skipping
Refreshing native plugins compatible for Editor in 2.40 ms, found 3 plugins.
Preloading 0 native plugins for Editor in 0.00 ms.
Unloading 3127 Unused Serialized files (Serialized files now loaded: 0)
Unloading 17 unused Assets / (80.1 KB). Loaded Objects now: 3630.
Memory consumption went from 116.5 MB to 116.4 MB.
Total: 3.871300 ms (FindLiveObjects: 0.271800 ms CreateObjectMapping: 0.172300 ms MarkObjects: 3.319300 ms  DeleteObjects: 0.106800 ms)

AssetImportParameters requested are different than current active one (requested -> active):
  custom:video-decoder-ogg-theora: a1e56fd34408186e4bbccfd4996cb3dc -> 
  custom:container-muxer-webm: aa71ff27fc2769a1b78a27578f13a17b -> 
  custom:container-demuxer-webm: 4f35f7cbe854078d1ac9338744f61a02 -> 
  custom:video-encoder-webm-vp8: eb34c28f22e8b96e1ab97ce403110664 -> 
  custom:audio-encoder-webm-vorbis: bf7c407c2cedff20999df2af8eb42d56 -> 
  custom:framework-win-MediaFoundation: 216162199b28c13a410421893ffa2e32 -> 
  custom:container-demuxer-ogg: 62fdf1f143b41e24485cea50d1cbac27 -> 
  custom:video-decoder-webm-vp8: 9c59270c3fd7afecdb556c50c9e8de78 -> 
  custom:audio-decoder-ogg-vorbis: bf7c407c2cedff20999df2af8eb42d56 -> 
