Using pre-set license
Built from '2021.3/staging' branch; Version is '2021.3.24f1 (cf10dcf7010d) revision 13570268'; Using compiler version '192829333'; Build Type 'Release'
OS: 'Windows 11  (10.0.22621) 64bit CoreSingleLanguage' Language: 'es' Physical Memory: 16075 MB
BatchMode: 1, IsHumanControllingUs: 0, StartBugReporterOnCrash: 0, Is64bit: 1, IsPro: 1

COMMAND LINE ARGUMENTS:
C:\Program Files\Unity\Hub\Editor\2021.3.24f1\Editor\Unity.exe
-adb2
-batchMode
-noUpm
-name
AssetImportWorker0
-projectPath
C:/Users/julia/Unity Projects/Kenney2023/Kenney2023/Dimensional Dream
-logFile
Logs/AssetImportWorker0.log
-srvPort
58901
Successfully changed project path to: C:/Users/julia/Unity Projects/Kenney2023/Kenney2023/Dimensional Dream
C:/Users/julia/Unity Projects/Kenney2023/Kenney2023/Dimensional Dream
[UnityMemory] Configuration Parameters - Can be set up in boot.config
    "memorysetup-bucket-allocator-granularity=16"
    "memorysetup-bucket-allocator-bucket-count=8"
    "memorysetup-bucket-allocator-block-size=33554432"
    "memorysetup-bucket-allocator-block-count=8"
    "memorysetup-main-allocator-block-size=16777216"
    "memorysetup-thread-allocator-block-size=16777216"
    "memorysetup-gfx-main-allocator-block-size=16777216"
    "memorysetup-gfx-thread-allocator-block-size=16777216"
    "memorysetup-cache-allocator-block-size=4194304"
    "memorysetup-typetree-allocator-block-size=2097152"
    "memorysetup-profiler-bucket-allocator-granularity=16"
    "memorysetup-profiler-bucket-allocator-bucket-count=8"
    "memorysetup-profiler-bucket-allocator-block-size=33554432"
    "memorysetup-profiler-bucket-allocator-block-count=8"
    "memorysetup-profiler-allocator-block-size=16777216"
    "memorysetup-profiler-editor-allocator-block-size=1048576"
    "memorysetup-temp-allocator-size-main=16777216"
    "memorysetup-job-temp-allocator-block-size=2097152"
    "memorysetup-job-temp-allocator-block-size-background=1048576"
    "memorysetup-job-temp-allocator-reduction-small-platforms=262144"
    "memorysetup-temp-allocator-size-background-worker=32768"
    "memorysetup-temp-allocator-size-job-worker=262144"
    "memorysetup-temp-allocator-size-preload-manager=33554432"
    "memorysetup-temp-allocator-size-nav-mesh-worker=65536"
    "memorysetup-temp-allocator-size-audio-worker=65536"
    "memorysetup-temp-allocator-size-cloud-worker=32768"
    "memorysetup-temp-allocator-size-gi-baking-worker=262144"
    "memorysetup-temp-allocator-size-gfx=262144"
Player connection [3040] Host "[IP] 192.168.1.10 [Port] 0 [Flags] 2 [Guid] 3565715363 [EditorId] 3565715363 [Version] 1048832 [Id] WindowsEditor(7,Julian) [Debug] 1 [PackageName] WindowsEditor [ProjectName] Editor" joined multi-casting on [225.0.0.222:54997]...

Player connection [3040] Host "[IP] 192.168.1.10 [Port] 0 [Flags] 2 [Guid] 3565715363 [EditorId] 3565715363 [Version] 1048832 [Id] WindowsEditor(7,Julian) [Debug] 1 [PackageName] WindowsEditor [ProjectName] Editor" joined alternative multi-casting on [225.0.0.222:34997]...

Refreshing native plugins compatible for Editor in 220.32 ms, found 3 plugins.
Preloading 0 native plugins for Editor in 0.00 ms.
Initialize engine version: 2021.3.24f1 (cf10dcf7010d)
[Subsystems] Discovering subsystems at path C:/Program Files/Unity/Hub/Editor/2021.3.24f1/Editor/Data/Resources/UnitySubsystems
[Subsystems] Discovering subsystems at path C:/Users/julia/Unity Projects/Kenney2023/Kenney2023/Dimensional Dream/Assets
GfxDevice: creating device client; threaded=0; jobified=0
Direct3D:
    Version:  Direct3D 11.0 [level 11.1]
    Renderer: NVIDIA GeForce RTX 3050 Laptop GPU (ID=0x25a2)
    Vendor:   NVIDIA
    VRAM:     3977 MB
    Driver:   31.0.15.3141
Initialize mono
Mono path[0] = 'C:/Program Files/Unity/Hub/Editor/2021.3.24f1/Editor/Data/Managed'
Mono path[1] = 'C:/Program Files/Unity/Hub/Editor/2021.3.24f1/Editor/Data/MonoBleedingEdge/lib/mono/unityjit-win32'
Mono config path = 'C:/Program Files/Unity/Hub/Editor/2021.3.24f1/Editor/Data/MonoBleedingEdge/etc'
Using monoOptions --debugger-agent=transport=dt_socket,embedding=1,server=y,suspend=n,address=127.0.0.1:56516
Begin MonoManager ReloadAssembly
Registering precompiled unity dll's ...
Register platform support module: C:/Program Files/Unity/Hub/Editor/2021.3.24f1/Editor/Data/PlaybackEngines/WindowsStandaloneSupport/UnityEditor.WindowsStandalone.Extensions.dll
Registered in 0.008702 seconds.
Native extension for WindowsStandalone target not found
Refreshing native plugins compatible for Editor in 406.96 ms, found 3 plugins.
Preloading 0 native plugins for Editor in 0.00 ms.
Mono: successfully reloaded assembly
- Completed reload, in  1.543 seconds
Domain Reload Profiling:
	ReloadAssembly (1544ms)
		BeginReloadAssembly (179ms)
			ExecutionOrderSort (0ms)
			DisableScriptedObjects (0ms)
			BackupInstance (0ms)
			ReleaseScriptingObjects (0ms)
			CreateAndSetChildDomain (1ms)
		EndReloadAssembly (1166ms)
			LoadAssemblies (174ms)
			RebuildTransferFunctionScriptingTraits (0ms)
			SetupTypeCache (242ms)
			ReleaseScriptCaches (0ms)
			RebuildScriptCaches (56ms)
			SetupLoadedEditorAssemblies (778ms)
				LogAssemblyErrors (0ms)
				InitializePlatformSupportModulesInManaged (16ms)
				SetLoadedEditorAssemblies (0ms)
				RefreshPlugins (407ms)
				BeforeProcessingInitializeOnLoad (3ms)
				ProcessInitializeOnLoadAttributes (244ms)
				ProcessInitializeOnLoadMethodAttributes (107ms)
				AfterProcessingInitializeOnLoad (0ms)
				EditorAssembliesLoaded (0ms)
			ExecutionOrderSort2 (0ms)
			AwakeInstancesAfterBackupRestoration (0ms)
Platform modules already initialized, skipping
Registering precompiled user dll's ...
Registered in 0.014893 seconds.
Begin MonoManager ReloadAssembly
Native extension for WindowsStandalone target not found
Refreshing native plugins compatible for Editor in 248.63 ms, found 3 plugins.
Preloading 0 native plugins for Editor in 0.00 ms.
Mono: successfully reloaded assembly
- Completed reload, in  3.158 seconds
Domain Reload Profiling:
	ReloadAssembly (3159ms)
		BeginReloadAssembly (169ms)
			ExecutionOrderSort (0ms)
			DisableScriptedObjects (6ms)
			BackupInstance (0ms)
			ReleaseScriptingObjects (0ms)
			CreateAndSetChildDomain (27ms)
		EndReloadAssembly (2737ms)
			LoadAssemblies (169ms)
			RebuildTransferFunctionScriptingTraits (0ms)
			SetupTypeCache (572ms)
			ReleaseScriptCaches (2ms)
			RebuildScriptCaches (149ms)
			SetupLoadedEditorAssemblies (1667ms)
				LogAssemblyErrors (0ms)
				InitializePlatformSupportModulesInManaged (9ms)
				SetLoadedEditorAssemblies (0ms)
				RefreshPlugins (249ms)
				BeforeProcessingInitializeOnLoad (212ms)
				ProcessInitializeOnLoadAttributes (1040ms)
				ProcessInitializeOnLoadMethodAttributes (145ms)
				AfterProcessingInitializeOnLoad (11ms)
				EditorAssembliesLoaded (0ms)
			ExecutionOrderSort2 (0ms)
			AwakeInstancesAfterBackupRestoration (92ms)
Platform modules already initialized, skipping
========================================================================
Worker process is ready to serve import requests
Launched and connected shader compiler UnityShaderCompiler.exe after 0.06 seconds
Refreshing native plugins compatible for Editor in 2.27 ms, found 3 plugins.
Preloading 0 native plugins for Editor in 0.00 ms.
Unloading 5386 Unused Serialized files (Serialized files now loaded: 0)
Unloading 54 unused Assets / (0.8 MB). Loaded Objects now: 5843.
Memory consumption went from 213.3 MB to 212.5 MB.
Total: 11.376300 ms (FindLiveObjects: 1.533700 ms CreateObjectMapping: 0.917400 ms MarkObjects: 8.212100 ms  DeleteObjects: 0.709900 ms)

AssetImportParameters requested are different than current active one (requested -> active):
  custom:video-decoder-ogg-theora: a1e56fd34408186e4bbccfd4996cb3dc -> 
  custom:container-muxer-webm: aa71ff27fc2769a1b78a27578f13a17b -> 
  custom:container-demuxer-webm: 4f35f7cbe854078d1ac9338744f61a02 -> 
  custom:video-encoder-webm-vp8: eb34c28f22e8b96e1ab97ce403110664 -> 
  custom:audio-encoder-webm-vorbis: bf7c407c2cedff20999df2af8eb42d56 -> 
  custom:framework-win-MediaFoundation: 216162199b28c13a410421893ffa2e32 -> 
  custom:container-demuxer-ogg: 62fdf1f143b41e24485cea50d1cbac27 -> 
  custom:video-decoder-webm-vp8: 9c59270c3fd7afecdb556c50c9e8de78 -> 
  custom:audio-decoder-ogg-vorbis: bf7c407c2cedff20999df2af8eb42d56 -> 
========================================================================
Received Import Request.
  Time since last request: 7743.535428 seconds.
  path: Assets/Mini dungeon/FBX format/rocks.fbx
  artifactKey: Guid(7f1db618aa033e9479ec5351fe23cf6c) Importer(815301076,1909f56bfc062723c751e8b465ee728b)
Start importing Assets/Mini dungeon/FBX format/rocks.fbx using Guid(7f1db618aa033e9479ec5351fe23cf6c) Importer(815301076,1909f56bfc062723c751e8b465ee728b)  -> (artifact id: '05bb4a3b3837cb6170e0540f3d4660c9') in 0.343276 seconds 
========================================================================
Received Import Request.
  Time since last request: 0.000042 seconds.
  path: Assets/Mini dungeon/FBX format/wall-narrow.fbx
  artifactKey: Guid(6579e2962d7e102458f407d2883cd24a) Importer(815301076,1909f56bfc062723c751e8b465ee728b)
Start importing Assets/Mini dungeon/FBX format/wall-narrow.fbx using Guid(6579e2962d7e102458f407d2883cd24a) Importer(815301076,1909f56bfc062723c751e8b465ee728b)  -> (artifact id: '1af19ac5f0eec6a599805ae8e8964ea6') in 0.058268 seconds 
========================================================================
Received Import Request.
  Time since last request: 0.000158 seconds.
  path: Assets/Mini dungeon/FBX format/stairs.fbx
  artifactKey: Guid(adbf5376cdc95934d9ab39bc57476280) Importer(815301076,1909f56bfc062723c751e8b465ee728b)
Start importing Assets/Mini dungeon/FBX format/stairs.fbx using Guid(adbf5376cdc95934d9ab39bc57476280) Importer(815301076,1909f56bfc062723c751e8b465ee728b)  -> (artifact id: '12650f90fe4d0797f7747a891a3b9f0b') in 0.055159 seconds 
========================================================================
Received Import Request.
  Time since last request: 0.000039 seconds.
  path: Assets/Mini dungeon/FBX format/wall.fbx
  artifactKey: Guid(ff2adb047879f4945b5d4f3011ee88ce) Importer(815301076,1909f56bfc062723c751e8b465ee728b)
Start importing Assets/Mini dungeon/FBX format/wall.fbx using Guid(ff2adb047879f4945b5d4f3011ee88ce) Importer(815301076,1909f56bfc062723c751e8b465ee728b)  -> (artifact id: 'b9e6e187568c3bb76ddccfe3cdc2d7d4') in 0.057478 seconds 
========================================================================
Received Import Request.
  Time since last request: 0.000043 seconds.
  path: Assets/Mini dungeon/FBX format/trap.fbx
  artifactKey: Guid(1628f489bb6f8fb45b9287e2f2022b59) Importer(815301076,1909f56bfc062723c751e8b465ee728b)
Start importing Assets/Mini dungeon/FBX format/trap.fbx using Guid(1628f489bb6f8fb45b9287e2f2022b59) Importer(815301076,1909f56bfc062723c751e8b465ee728b)  -> (artifact id: 'af97c4077bd85cb5175d90d28d66eecf') in 0.046734 seconds 
========================================================================
Received Import Request.
  Time since last request: 9.664801 seconds.
  path: Assets/Mini dungeon/FBX format/banner.fbx
  artifactKey: Guid(c80b09f400f6dab42a6e5ac692e7caeb) Importer(815301076,1909f56bfc062723c751e8b465ee728b)
Start importing Assets/Mini dungeon/FBX format/banner.fbx using Guid(c80b09f400f6dab42a6e5ac692e7caeb) Importer(815301076,1909f56bfc062723c751e8b465ee728b)  -> (artifact id: 'c81d1db7273507e579425285b260dfb2') in 0.048376 seconds 
========================================================================
Received Import Request.
  Time since last request: 0.000029 seconds.
  path: Assets/Mini dungeon/FBX format/chest.fbx
  artifactKey: Guid(f1197b254ae134443a592ff3eb0f4fcc) Importer(815301076,1909f56bfc062723c751e8b465ee728b)
Start importing Assets/Mini dungeon/FBX format/chest.fbx using Guid(f1197b254ae134443a592ff3eb0f4fcc) Importer(815301076,1909f56bfc062723c751e8b465ee728b)  -> (artifact id: 'f3067cb9a0f9c4326e8dc69948219111') in 0.058392 seconds 
========================================================================
Received Import Request.
  Time since last request: 0.000036 seconds.
  path: Assets/Mini dungeon/FBX format/floor-detail.fbx
  artifactKey: Guid(fec1b6e139f85aa41b8a87e17674caae) Importer(815301076,1909f56bfc062723c751e8b465ee728b)
Start importing Assets/Mini dungeon/FBX format/floor-detail.fbx using Guid(fec1b6e139f85aa41b8a87e17674caae) Importer(815301076,1909f56bfc062723c751e8b465ee728b)  -> (artifact id: 'b4111ec9973ca4d9d6cdf8d6e5594d6e') in 0.042426 seconds 
========================================================================
Received Import Request.
  Time since last request: 0.000060 seconds.
  path: Assets/Mini dungeon/FBX format/character-human.fbx
  artifactKey: Guid(1042d2166042fd344a29362c38731990) Importer(815301076,1909f56bfc062723c751e8b465ee728b)
Start importing Assets/Mini dungeon/FBX format/character-human.fbx using Guid(1042d2166042fd344a29362c38731990) Importer(815301076,1909f56bfc062723c751e8b465ee728b)  -> (artifact id: '58ad4d770845423a663241078a94b014') in 0.168406 seconds 
========================================================================
Received Import Request.
  Time since last request: 0.000038 seconds.
  path: Assets/Mini dungeon/FBX format/column.fbx
  artifactKey: Guid(5dd161b10956048429c119f11f9d3f36) Importer(815301076,1909f56bfc062723c751e8b465ee728b)
Start importing Assets/Mini dungeon/FBX format/column.fbx using Guid(5dd161b10956048429c119f11f9d3f36) Importer(815301076,1909f56bfc062723c751e8b465ee728b)  -> (artifact id: 'a5895cd0cb63ef067b11499699365e08') in 0.063783 seconds 
========================================================================
Received Import Request.
  Time since last request: 3.379709 seconds.
  path: Assets/Animated Character 2/Models/characterMedium.fbx
  artifactKey: Guid(2db7e17401e08b94697ecd7acce75ab1) Importer(815301076,1909f56bfc062723c751e8b465ee728b)
Start importing Assets/Animated Character 2/Models/characterMedium.fbx using Guid(2db7e17401e08b94697ecd7acce75ab1) Importer(815301076,1909f56bfc062723c751e8b465ee728b)  -> (artifact id: '1dbbe1076e3c90e407e8014e9d6e6ca7') in 0.067707 seconds 
========================================================================
Received Import Request.
  Time since last request: 54.173011 seconds.
  path: Assets/Animations/Beemo.controller
  artifactKey: Guid(00b687fab2d2b494d8d90e48fbb22d3a) Importer(815301076,1909f56bfc062723c751e8b465ee728b)
Start importing Assets/Animations/Beemo.controller using Guid(00b687fab2d2b494d8d90e48fbb22d3a) Importer(815301076,1909f56bfc062723c751e8b465ee728b)  -> (artifact id: '009f9dde917cfddf448dafeadd643778') in 0.018823 seconds 
========================================================================
Received Import Request.
  Time since last request: 0.537360 seconds.
  path: Assets/Animations/Sleeping.anim
  artifactKey: Guid(e8346af1b19e9a8439a5ea5030b01ca8) Importer(815301076,1909f56bfc062723c751e8b465ee728b)
Start importing Assets/Animations/Sleeping.anim using Guid(e8346af1b19e9a8439a5ea5030b01ca8) Importer(815301076,1909f56bfc062723c751e8b465ee728b)  -> (artifact id: '2c4e11380fb2a1f278ca01b4970d69bc') in 0.017194 seconds 
========================================================================
Received Import Request.
  Time since last request: 22.221179 seconds.
  path: Packages/com.unity.cinemachine/package.json
  artifactKey: Guid(7d93e7b7399fbe64790358e67fc94b18) Importer(815301076,1909f56bfc062723c751e8b465ee728b)
Start importing Packages/com.unity.cinemachine/package.json using Guid(7d93e7b7399fbe64790358e67fc94b18) Importer(815301076,1909f56bfc062723c751e8b465ee728b)  -> (artifact id: 'ea4f23e0e764e8e32e742984a0d26132') in 0.029076 seconds 
========================================================================
Received Prepare
Registering precompiled user dll's ...
Registered in 0.007687 seconds.
Begin MonoManager ReloadAssembly
Native extension for WindowsStandalone target not found
Refreshing native plugins compatible for Editor in 1.63 ms, found 3 plugins.
Preloading 0 native plugins for Editor in 0.00 ms.
Mono: successfully reloaded assembly
- Completed reload, in  2.338 seconds
Domain Reload Profiling:
	ReloadAssembly (2339ms)
		BeginReloadAssembly (220ms)
			ExecutionOrderSort (0ms)
			DisableScriptedObjects (8ms)
			BackupInstance (0ms)
			ReleaseScriptingObjects (0ms)
			CreateAndSetChildDomain (71ms)
		EndReloadAssembly (1965ms)
			LoadAssemblies (158ms)
			RebuildTransferFunctionScriptingTraits (0ms)
			SetupTypeCache (573ms)
			ReleaseScriptCaches (4ms)
			RebuildScriptCaches (102ms)
			SetupLoadedEditorAssemblies (1049ms)
				LogAssemblyErrors (0ms)
				InitializePlatformSupportModulesInManaged (12ms)
				SetLoadedEditorAssemblies (1ms)
				RefreshPlugins (2ms)
				BeforeProcessingInitializeOnLoad (159ms)
				ProcessInitializeOnLoadAttributes (762ms)
				ProcessInitializeOnLoadMethodAttributes (105ms)
				AfterProcessingInitializeOnLoad (8ms)
				EditorAssembliesLoaded (0ms)
			ExecutionOrderSort2 (0ms)
			AwakeInstancesAfterBackupRestoration (9ms)
Platform modules already initialized, skipping
Refreshing native plugins compatible for Editor in 2.89 ms, found 3 plugins.
Preloading 0 native plugins for Editor in 0.00 ms.
Unloading 5311 Unused Serialized files (Serialized files now loaded: 0)
Unloading 29 unused Assets / (0.8 MB). Loaded Objects now: 5903.
Memory consumption went from 222.9 MB to 222.1 MB.
Total: 4.476400 ms (FindLiveObjects: 0.569100 ms CreateObjectMapping: 0.452800 ms MarkObjects: 3.117600 ms  DeleteObjects: 0.335000 ms)

AssetImportParameters requested are different than current active one (requested -> active):
  custom:video-decoder-ogg-theora: a1e56fd34408186e4bbccfd4996cb3dc -> 
  custom:container-muxer-webm: aa71ff27fc2769a1b78a27578f13a17b -> 
  custom:container-demuxer-webm: 4f35f7cbe854078d1ac9338744f61a02 -> 
  custom:video-encoder-webm-vp8: eb34c28f22e8b96e1ab97ce403110664 -> 
  custom:audio-encoder-webm-vorbis: bf7c407c2cedff20999df2af8eb42d56 -> 
  custom:framework-win-MediaFoundation: 216162199b28c13a410421893ffa2e32 -> 
  custom:container-demuxer-ogg: 62fdf1f143b41e24485cea50d1cbac27 -> 
  custom:video-decoder-webm-vp8: 9c59270c3fd7afecdb556c50c9e8de78 -> 
  custom:audio-decoder-ogg-vorbis: bf7c407c2cedff20999df2af8eb42d56 -> 
========================================================================
Received Import Request.
  Time since last request: 132.427136 seconds.
  path: Assets/Mini dungeon/Floor Prefabs/Floor no rocks.prefab
  artifactKey: Guid(855cebcecf5b44d479620845161972f0) Importer(815301076,1909f56bfc062723c751e8b465ee728b)
Start importing Assets/Mini dungeon/Floor Prefabs/Floor no rocks.prefab using Guid(855cebcecf5b44d479620845161972f0) Importer(815301076,1909f56bfc062723c751e8b465ee728b)  -> (artifact id: 'a0c027665128342c32ef96e36efa4e9b') in 0.098231 seconds 
========================================================================
Received Import Request.
  Time since last request: 16.487605 seconds.
  path: Assets/Mini dungeon/Floor Prefabs/Floor no rocks.prefab
  artifactKey: Guid(855cebcecf5b44d479620845161972f0) Importer(815301076,1909f56bfc062723c751e8b465ee728b)
Start importing Assets/Mini dungeon/Floor Prefabs/Floor no rocks.prefab using Guid(855cebcecf5b44d479620845161972f0) Importer(815301076,1909f56bfc062723c751e8b465ee728b)  -> (artifact id: '5cdfa85ca45ec6f4acab04c8fe04e13f') in 0.014297 seconds 
========================================================================
Received Import Request.
  Time since last request: 18.978801 seconds.
  path: Assets/Mini dungeon/Floor Prefabs/Floor no rocks.prefab
  artifactKey: Guid(855cebcecf5b44d479620845161972f0) Importer(815301076,1909f56bfc062723c751e8b465ee728b)
Start importing Assets/Mini dungeon/Floor Prefabs/Floor no rocks.prefab using Guid(855cebcecf5b44d479620845161972f0) Importer(815301076,1909f56bfc062723c751e8b465ee728b)  -> (artifact id: '73d6ea95359051521eefbfafb9e2b870') in 0.018265 seconds 
========================================================================
Received Import Request.
  Time since last request: 2.569257 seconds.
  path: Assets/Mini dungeon/Floor Prefabs/Floor no rocks.prefab
  artifactKey: Guid(855cebcecf5b44d479620845161972f0) Importer(815301076,1909f56bfc062723c751e8b465ee728b)
Start importing Assets/Mini dungeon/Floor Prefabs/Floor no rocks.prefab using Guid(855cebcecf5b44d479620845161972f0) Importer(815301076,1909f56bfc062723c751e8b465ee728b)  -> (artifact id: 'e90295b176760944343701165dab355b') in 0.014912 seconds 
========================================================================
Received Import Request.
  Time since last request: 4.216961 seconds.
  path: Assets/Mini dungeon/Floor Prefabs/Floor no rocks.prefab
  artifactKey: Guid(855cebcecf5b44d479620845161972f0) Importer(815301076,1909f56bfc062723c751e8b465ee728b)
Start importing Assets/Mini dungeon/Floor Prefabs/Floor no rocks.prefab using Guid(855cebcecf5b44d479620845161972f0) Importer(815301076,1909f56bfc062723c751e8b465ee728b)  -> (artifact id: '011973f2c348cbef44c00a0ee95201ac') in 0.020981 seconds 
========================================================================
Received Import Request.
  Time since last request: 5.202964 seconds.
  path: Assets/Mini dungeon/Floor Prefabs/Floor no rocks.prefab
  artifactKey: Guid(855cebcecf5b44d479620845161972f0) Importer(815301076,1909f56bfc062723c751e8b465ee728b)
Start importing Assets/Mini dungeon/Floor Prefabs/Floor no rocks.prefab using Guid(855cebcecf5b44d479620845161972f0) Importer(815301076,1909f56bfc062723c751e8b465ee728b)  -> (artifact id: '9985d8a030607d6563d735fcd2c358b0') in 0.017052 seconds 
========================================================================
Received Import Request.
  Time since last request: 5.429390 seconds.
  path: Assets/Mini dungeon/Floor Prefabs/Floor no rocks.prefab
  artifactKey: Guid(855cebcecf5b44d479620845161972f0) Importer(815301076,1909f56bfc062723c751e8b465ee728b)
Start importing Assets/Mini dungeon/Floor Prefabs/Floor no rocks.prefab using Guid(855cebcecf5b44d479620845161972f0) Importer(815301076,1909f56bfc062723c751e8b465ee728b)  -> (artifact id: '69e62df9ed01848ddff0c21e1334f82e') in 0.013902 seconds 
========================================================================
Received Import Request.
  Time since last request: 2.034217 seconds.
  path: Assets/Mini dungeon/Floor Prefabs/Floor no rocks.prefab
  artifactKey: Guid(855cebcecf5b44d479620845161972f0) Importer(815301076,1909f56bfc062723c751e8b465ee728b)
Start importing Assets/Mini dungeon/Floor Prefabs/Floor no rocks.prefab using Guid(855cebcecf5b44d479620845161972f0) Importer(815301076,1909f56bfc062723c751e8b465ee728b)  -> (artifact id: 'f402e266ed71024bb37fdb2cef0ac21a') in 0.020449 seconds 
========================================================================
Received Import Request.
  Time since last request: 2.358986 seconds.
  path: Assets/Mini dungeon/Floor Prefabs/Floor no rocks.prefab
  artifactKey: Guid(855cebcecf5b44d479620845161972f0) Importer(815301076,1909f56bfc062723c751e8b465ee728b)
Start importing Assets/Mini dungeon/Floor Prefabs/Floor no rocks.prefab using Guid(855cebcecf5b44d479620845161972f0) Importer(815301076,1909f56bfc062723c751e8b465ee728b)  -> (artifact id: '12253a474d4bd0d68f8415bf16e015cd') in 0.013785 seconds 
========================================================================
Received Import Request.
  Time since last request: 3.819270 seconds.
  path: Assets/Mini dungeon/Floor Prefabs/Floor no rocks.prefab
  artifactKey: Guid(855cebcecf5b44d479620845161972f0) Importer(815301076,1909f56bfc062723c751e8b465ee728b)
Start importing Assets/Mini dungeon/Floor Prefabs/Floor no rocks.prefab using Guid(855cebcecf5b44d479620845161972f0) Importer(815301076,1909f56bfc062723c751e8b465ee728b)  -> (artifact id: 'd4eda495dde1329d220763208d2333c2') in 0.018811 seconds 
========================================================================
Received Import Request.
  Time since last request: 6.020225 seconds.
  path: Assets/Mini dungeon/Floor Prefabs/Floor no rocks.prefab
  artifactKey: Guid(855cebcecf5b44d479620845161972f0) Importer(815301076,1909f56bfc062723c751e8b465ee728b)
Start importing Assets/Mini dungeon/Floor Prefabs/Floor no rocks.prefab using Guid(855cebcecf5b44d479620845161972f0) Importer(815301076,1909f56bfc062723c751e8b465ee728b)  -> (artifact id: '483b2d0a3e84da83a18f6e9d688b6d41') in 0.038461 seconds 
========================================================================
Received Import Request.
  Time since last request: 1.188681 seconds.
  path: Assets/Mini dungeon/Floor Prefabs/Floor no rocks.prefab
  artifactKey: Guid(855cebcecf5b44d479620845161972f0) Importer(815301076,1909f56bfc062723c751e8b465ee728b)
Start importing Assets/Mini dungeon/Floor Prefabs/Floor no rocks.prefab using Guid(855cebcecf5b44d479620845161972f0) Importer(815301076,1909f56bfc062723c751e8b465ee728b)  -> (artifact id: '13da913a061908c75aa76da9e9e42726') in 0.022490 seconds 
========================================================================
Received Import Request.
  Time since last request: 12.895357 seconds.
  path: Assets/Mini dungeon/Floor Prefabs/Floor no rocks.prefab
  artifactKey: Guid(855cebcecf5b44d479620845161972f0) Importer(815301076,1909f56bfc062723c751e8b465ee728b)
Start importing Assets/Mini dungeon/Floor Prefabs/Floor no rocks.prefab using Guid(855cebcecf5b44d479620845161972f0) Importer(815301076,1909f56bfc062723c751e8b465ee728b)  -> (artifact id: '63f62047b243ee4588c4bb8b103ec4de') in 0.014720 seconds 
========================================================================
Received Import Request.
  Time since last request: 2.613146 seconds.
  path: Assets/Mini dungeon/Floor Prefabs/Floor no rocks.prefab
  artifactKey: Guid(855cebcecf5b44d479620845161972f0) Importer(815301076,1909f56bfc062723c751e8b465ee728b)
Start importing Assets/Mini dungeon/Floor Prefabs/Floor no rocks.prefab using Guid(855cebcecf5b44d479620845161972f0) Importer(815301076,1909f56bfc062723c751e8b465ee728b)  -> (artifact id: 'd9182a4bcaefeb7457a5f1e28f1e94eb') in 0.022645 seconds 
========================================================================
Received Import Request.
  Time since last request: 1.782489 seconds.
  path: Assets/Mini dungeon/Floor Prefabs/Floor no rocks.prefab
  artifactKey: Guid(855cebcecf5b44d479620845161972f0) Importer(815301076,1909f56bfc062723c751e8b465ee728b)
Start importing Assets/Mini dungeon/Floor Prefabs/Floor no rocks.prefab using Guid(855cebcecf5b44d479620845161972f0) Importer(815301076,1909f56bfc062723c751e8b465ee728b)  -> (artifact id: 'bb708e091a4eff109a55dd949ab9d64b') in 0.014406 seconds 
========================================================================
Received Import Request.
  Time since last request: 3.223330 seconds.
  path: Assets/Mini dungeon/Floor Prefabs/Floor no rocks.prefab
  artifactKey: Guid(855cebcecf5b44d479620845161972f0) Importer(815301076,1909f56bfc062723c751e8b465ee728b)
Start importing Assets/Mini dungeon/Floor Prefabs/Floor no rocks.prefab using Guid(855cebcecf5b44d479620845161972f0) Importer(815301076,1909f56bfc062723c751e8b465ee728b)  -> (artifact id: '9f854fe8d07540c535dc2f89a16dc397') in 0.033176 seconds 
========================================================================
Received Import Request.
  Time since last request: 12.806738 seconds.
  path: Assets/Mini dungeon/Floor Prefabs/Floor two rocks.prefab
  artifactKey: Guid(35bcc339a3903e14babf201d153d4848) Importer(815301076,1909f56bfc062723c751e8b465ee728b)
Start importing Assets/Mini dungeon/Floor Prefabs/Floor two rocks.prefab using Guid(35bcc339a3903e14babf201d153d4848) Importer(815301076,1909f56bfc062723c751e8b465ee728b)  -> (artifact id: '3924165b10fa3cbd10706594aa363d62') in 0.018295 seconds 
========================================================================
Received Import Request.
  Time since last request: 2.996459 seconds.
  path: Assets/Mini dungeon/Floor Prefabs/Floor two rocks.prefab
  artifactKey: Guid(35bcc339a3903e14babf201d153d4848) Importer(815301076,1909f56bfc062723c751e8b465ee728b)
Start importing Assets/Mini dungeon/Floor Prefabs/Floor two rocks.prefab using Guid(35bcc339a3903e14babf201d153d4848) Importer(815301076,1909f56bfc062723c751e8b465ee728b)  -> (artifact id: 'cdb34c6a5609cbb43574afb650a3ce5f') in 0.015763 seconds 
========================================================================
Received Import Request.
  Time since last request: 4.830178 seconds.
  path: Assets/Mini dungeon/Floor Prefabs/Floor two rocks.prefab
  artifactKey: Guid(35bcc339a3903e14babf201d153d4848) Importer(815301076,1909f56bfc062723c751e8b465ee728b)
Start importing Assets/Mini dungeon/Floor Prefabs/Floor two rocks.prefab using Guid(35bcc339a3903e14babf201d153d4848) Importer(815301076,1909f56bfc062723c751e8b465ee728b)  -> (artifact id: '095ef133b1cb42c8e6516e59e0650916') in 0.017658 seconds 
========================================================================
Received Import Request.
  Time since last request: 2.201938 seconds.
  path: Assets/Mini dungeon/Floor Prefabs/Floor two rocks.prefab
  artifactKey: Guid(35bcc339a3903e14babf201d153d4848) Importer(815301076,1909f56bfc062723c751e8b465ee728b)
Start importing Assets/Mini dungeon/Floor Prefabs/Floor two rocks.prefab using Guid(35bcc339a3903e14babf201d153d4848) Importer(815301076,1909f56bfc062723c751e8b465ee728b)  -> (artifact id: 'a9750ddda0c0e944199b3748d5c5f982') in 0.016498 seconds 
========================================================================
Received Import Request.
  Time since last request: 6.287037 seconds.
  path: Assets/Mini dungeon/Floor Prefabs/Floor two rocks.prefab
  artifactKey: Guid(35bcc339a3903e14babf201d153d4848) Importer(815301076,1909f56bfc062723c751e8b465ee728b)
Start importing Assets/Mini dungeon/Floor Prefabs/Floor two rocks.prefab using Guid(35bcc339a3903e14babf201d153d4848) Importer(815301076,1909f56bfc062723c751e8b465ee728b)  -> (artifact id: '1495ceaf61593a960701044bde59ba9f') in 0.020896 seconds 
========================================================================
Received Import Request.
  Time since last request: 3.232034 seconds.
  path: Assets/Mini dungeon/Floor Prefabs/Floor two rocks.prefab
  artifactKey: Guid(35bcc339a3903e14babf201d153d4848) Importer(815301076,1909f56bfc062723c751e8b465ee728b)
Start importing Assets/Mini dungeon/Floor Prefabs/Floor two rocks.prefab using Guid(35bcc339a3903e14babf201d153d4848) Importer(815301076,1909f56bfc062723c751e8b465ee728b)  -> (artifact id: 'f9f87bd7123924f4f163f7f4757cf1f9') in 0.016148 seconds 
========================================================================
Received Import Request.
  Time since last request: 1.800673 seconds.
  path: Assets/Mini dungeon/Floor Prefabs/Floor two rocks.prefab
  artifactKey: Guid(35bcc339a3903e14babf201d153d4848) Importer(815301076,1909f56bfc062723c751e8b465ee728b)
Start importing Assets/Mini dungeon/Floor Prefabs/Floor two rocks.prefab using Guid(35bcc339a3903e14babf201d153d4848) Importer(815301076,1909f56bfc062723c751e8b465ee728b)  -> (artifact id: '60ca4e6f46fba3be89d4c137a28a3e02') in 0.015323 seconds 
========================================================================
Received Import Request.
  Time since last request: 1.599587 seconds.
  path: Assets/Mini dungeon/Floor Prefabs/Floor two rocks.prefab
  artifactKey: Guid(35bcc339a3903e14babf201d153d4848) Importer(815301076,1909f56bfc062723c751e8b465ee728b)
Start importing Assets/Mini dungeon/Floor Prefabs/Floor two rocks.prefab using Guid(35bcc339a3903e14babf201d153d4848) Importer(815301076,1909f56bfc062723c751e8b465ee728b)  -> (artifact id: '5ee18a29965969135eec8e6363f28cb5') in 0.015548 seconds 
========================================================================
Received Import Request.
  Time since last request: 1.604356 seconds.
  path: Assets/Mini dungeon/Floor Prefabs/Floor two rocks.prefab
  artifactKey: Guid(35bcc339a3903e14babf201d153d4848) Importer(815301076,1909f56bfc062723c751e8b465ee728b)
Start importing Assets/Mini dungeon/Floor Prefabs/Floor two rocks.prefab using Guid(35bcc339a3903e14babf201d153d4848) Importer(815301076,1909f56bfc062723c751e8b465ee728b)  -> (artifact id: '2c77728138eab14d38b237b31c2becbf') in 0.018319 seconds 
========================================================================
Received Prepare
Registering precompiled user dll's ...
Registered in 0.012025 seconds.
Begin MonoManager ReloadAssembly
Native extension for WindowsStandalone target not found
Refreshing native plugins compatible for Editor in 2.08 ms, found 3 plugins.
Preloading 0 native plugins for Editor in 0.00 ms.
Mono: successfully reloaded assembly
- Completed reload, in  3.287 seconds
Domain Reload Profiling:
	ReloadAssembly (3289ms)
		BeginReloadAssembly (397ms)
			ExecutionOrderSort (0ms)
			DisableScriptedObjects (18ms)
			BackupInstance (0ms)
			ReleaseScriptingObjects (0ms)
			CreateAndSetChildDomain (116ms)
		EndReloadAssembly (2676ms)
			LoadAssemblies (246ms)
			RebuildTransferFunctionScriptingTraits (0ms)
			SetupTypeCache (824ms)
			ReleaseScriptCaches (7ms)
			RebuildScriptCaches (145ms)
			SetupLoadedEditorAssemblies (1390ms)
				LogAssemblyErrors (0ms)
				InitializePlatformSupportModulesInManaged (14ms)
				SetLoadedEditorAssemblies (1ms)
				RefreshPlugins (2ms)
				BeforeProcessingInitializeOnLoad (226ms)
				ProcessInitializeOnLoadAttributes (997ms)
				ProcessInitializeOnLoadMethodAttributes (138ms)
				AfterProcessingInitializeOnLoad (11ms)
				EditorAssembliesLoaded (0ms)
			ExecutionOrderSort2 (0ms)
			AwakeInstancesAfterBackupRestoration (11ms)
Platform modules already initialized, skipping
Refreshing native plugins compatible for Editor in 5.17 ms, found 3 plugins.
Preloading 0 native plugins for Editor in 0.00 ms.
Unloading 5311 Unused Serialized files (Serialized files now loaded: 0)
Unloading 29 unused Assets / (0.8 MB). Loaded Objects now: 5918.
Memory consumption went from 223.0 MB to 222.2 MB.
Total: 8.478800 ms (FindLiveObjects: 0.757700 ms CreateObjectMapping: 0.789400 ms MarkObjects: 6.323400 ms  DeleteObjects: 0.606400 ms)

AssetImportParameters requested are different than current active one (requested -> active):
  custom:video-decoder-ogg-theora: a1e56fd34408186e4bbccfd4996cb3dc -> 
  custom:container-muxer-webm: aa71ff27fc2769a1b78a27578f13a17b -> 
  custom:container-demuxer-webm: 4f35f7cbe854078d1ac9338744f61a02 -> 
  custom:video-encoder-webm-vp8: eb34c28f22e8b96e1ab97ce403110664 -> 
  custom:audio-encoder-webm-vorbis: bf7c407c2cedff20999df2af8eb42d56 -> 
  custom:framework-win-MediaFoundation: 216162199b28c13a410421893ffa2e32 -> 
  custom:container-demuxer-ogg: 62fdf1f143b41e24485cea50d1cbac27 -> 
  custom:video-decoder-webm-vp8: 9c59270c3fd7afecdb556c50c9e8de78 -> 
  custom:audio-decoder-ogg-vorbis: bf7c407c2cedff20999df2af8eb42d56 -> 
========================================================================
Received Prepare
Registering precompiled user dll's ...
Registered in 0.005955 seconds.
Begin MonoManager ReloadAssembly
Native extension for WindowsStandalone target not found
Refreshing native plugins compatible for Editor in 1.57 ms, found 3 plugins.
Preloading 0 native plugins for Editor in 0.00 ms.
Mono: successfully reloaded assembly
- Completed reload, in  1.394 seconds
Domain Reload Profiling:
	ReloadAssembly (1395ms)
		BeginReloadAssembly (136ms)
			ExecutionOrderSort (0ms)
			DisableScriptedObjects (6ms)
			BackupInstance (0ms)
			ReleaseScriptingObjects (0ms)
			CreateAndSetChildDomain (42ms)
		EndReloadAssembly (1162ms)
			LoadAssemblies (89ms)
			RebuildTransferFunctionScriptingTraits (0ms)
			SetupTypeCache (307ms)
			ReleaseScriptCaches (2ms)
			RebuildScriptCaches (52ms)
			SetupLoadedEditorAssemblies (665ms)
				LogAssemblyErrors (0ms)
				InitializePlatformSupportModulesInManaged (7ms)
				SetLoadedEditorAssemblies (1ms)
				RefreshPlugins (2ms)
				BeforeProcessingInitializeOnLoad (106ms)
				ProcessInitializeOnLoadAttributes (473ms)
				ProcessInitializeOnLoadMethodAttributes (72ms)
				AfterProcessingInitializeOnLoad (5ms)
				EditorAssembliesLoaded (0ms)
			ExecutionOrderSort2 (0ms)
			AwakeInstancesAfterBackupRestoration (5ms)
Platform modules already initialized, skipping
Refreshing native plugins compatible for Editor in 3.18 ms, found 3 plugins.
Preloading 0 native plugins for Editor in 0.00 ms.
Unloading 5371 Unused Serialized files (Serialized files now loaded: 0)
Unloading 29 unused Assets / (0.8 MB). Loaded Objects now: 5993.
Memory consumption went from 224.9 MB to 224.0 MB.
Total: 3.561400 ms (FindLiveObjects: 0.352300 ms CreateObjectMapping: 0.195800 ms MarkObjects: 2.725400 ms  DeleteObjects: 0.286700 ms)

AssetImportParameters requested are different than current active one (requested -> active):
  custom:video-decoder-ogg-theora: a1e56fd34408186e4bbccfd4996cb3dc -> 
  custom:container-muxer-webm: aa71ff27fc2769a1b78a27578f13a17b -> 
  custom:container-demuxer-webm: 4f35f7cbe854078d1ac9338744f61a02 -> 
  custom:video-encoder-webm-vp8: eb34c28f22e8b96e1ab97ce403110664 -> 
  custom:audio-encoder-webm-vorbis: bf7c407c2cedff20999df2af8eb42d56 -> 
  custom:framework-win-MediaFoundation: 216162199b28c13a410421893ffa2e32 -> 
  custom:container-demuxer-ogg: 62fdf1f143b41e24485cea50d1cbac27 -> 
  custom:video-decoder-webm-vp8: 9c59270c3fd7afecdb556c50c9e8de78 -> 
  custom:audio-decoder-ogg-vorbis: bf7c407c2cedff20999df2af8eb42d56 -> 
========================================================================
Received Import Request.
  Time since last request: 679.137940 seconds.
  path: Assets/KinematicCharacterController
  artifactKey: Guid(96f57964534ccf343a9b15e56a0e1294) Importer(815301076,1909f56bfc062723c751e8b465ee728b)
Start importing Assets/KinematicCharacterController using Guid(96f57964534ccf343a9b15e56a0e1294) Importer(815301076,1909f56bfc062723c751e8b465ee728b)  -> (artifact id: '2e1c9c34e8b227202cd08fb050787c10') in 0.018433 seconds 
========================================================================
Received Import Request.
  Time since last request: 1.918756 seconds.
  path: Assets/KinematicCharacterController/Core
  artifactKey: Guid(c8854cb84deea8146b0cc7833ff338fd) Importer(815301076,1909f56bfc062723c751e8b465ee728b)
Start importing Assets/KinematicCharacterController/Core using Guid(c8854cb84deea8146b0cc7833ff338fd) Importer(815301076,1909f56bfc062723c751e8b465ee728b)  -> (artifact id: 'a32a3e5f040a820289bb0d247fb03a28') in 0.011160 seconds 
========================================================================
Received Import Request.
  Time since last request: 1.434589 seconds.
  path: Assets/KinematicCharacterController/Core/ICharacterController.cs
  artifactKey: Guid(f13aa252bd3bf9943b1d65e68d93dcfb) Importer(815301076,1909f56bfc062723c751e8b465ee728b)
Start importing Assets/KinematicCharacterController/Core/ICharacterController.cs using Guid(f13aa252bd3bf9943b1d65e68d93dcfb) Importer(815301076,1909f56bfc062723c751e8b465ee728b)  -> (artifact id: '667c3b2bb9b2d2dad20db628348660cf') in 0.026334 seconds 
========================================================================
Received Import Request.
  Time since last request: 1.001359 seconds.
  path: Assets/KinematicCharacterController/Core/Editor
  artifactKey: Guid(220667f043f505a4eb52d0208e14818e) Importer(815301076,1909f56bfc062723c751e8b465ee728b)
Start importing Assets/KinematicCharacterController/Core/Editor using Guid(220667f043f505a4eb52d0208e14818e) Importer(815301076,1909f56bfc062723c751e8b465ee728b)  -> (artifact id: '87337b44c20ef16ea81d50f5ebec60d0') in 0.014283 seconds 
========================================================================
Received Import Request.
  Time since last request: 1.610989 seconds.
  path: Assets/KinematicCharacterController/Core/Editor/ReadOnlyPropertyDrawer.cs
  artifactKey: Guid(0d4351ab88853824b85a8f458928d825) Importer(815301076,1909f56bfc062723c751e8b465ee728b)
Start importing Assets/KinematicCharacterController/Core/Editor/ReadOnlyPropertyDrawer.cs using Guid(0d4351ab88853824b85a8f458928d825) Importer(815301076,1909f56bfc062723c751e8b465ee728b)  -> (artifact id: '729524fca43a1b5f28beae692f9c69a6') in 0.011696 seconds 
========================================================================
Received Import Request.
  Time since last request: 3.516078 seconds.
  path: Assets/KinematicCharacterController/Examples
  artifactKey: Guid(f223b72b43192cc4f84a6afe07e316c3) Importer(815301076,1909f56bfc062723c751e8b465ee728b)
Start importing Assets/KinematicCharacterController/Examples using Guid(f223b72b43192cc4f84a6afe07e316c3) Importer(815301076,1909f56bfc062723c751e8b465ee728b)  -> (artifact id: '6cd97c9e01a242dcd1657dd3c13cb2db') in 0.011564 seconds 
========================================================================
Received Import Request.
  Time since last request: 1.365627 seconds.
  path: Assets/KinematicCharacterController/Walkthrough
  artifactKey: Guid(7d38693b396a5494d9950f061e87fb20) Importer(815301076,1909f56bfc062723c751e8b465ee728b)
Start importing Assets/KinematicCharacterController/Walkthrough using Guid(7d38693b396a5494d9950f061e87fb20) Importer(815301076,1909f56bfc062723c751e8b465ee728b)  -> (artifact id: '71bc20a74855e2165932a91d93eb39c5') in 0.012644 seconds 
========================================================================
Received Import Request.
  Time since last request: 0.964120 seconds.
  path: Assets/KinematicCharacterController/Walkthrough/1- Player Camera Character Setup
  artifactKey: Guid(53973a8cf32b015409a2d3177dedce5b) Importer(815301076,1909f56bfc062723c751e8b465ee728b)
Start importing Assets/KinematicCharacterController/Walkthrough/1- Player Camera Character Setup using Guid(53973a8cf32b015409a2d3177dedce5b) Importer(815301076,1909f56bfc062723c751e8b465ee728b)  -> (artifact id: 'e0a9c52f2fcead17e815271ac2174c73') in 0.011921 seconds 
========================================================================
Received Import Request.
  Time since last request: 4.648356 seconds.
  path: Assets/KinematicCharacterController/Walkthrough/1- Player Camera Character Setup/Scripts
  artifactKey: Guid(0a34100067b7ebb4a987b58e8b8243a6) Importer(815301076,1909f56bfc062723c751e8b465ee728b)
Start importing Assets/KinematicCharacterController/Walkthrough/1- Player Camera Character Setup/Scripts using Guid(0a34100067b7ebb4a987b58e8b8243a6) Importer(815301076,1909f56bfc062723c751e8b465ee728b)  -> (artifact id: '68218d4312448e689bb5e34bdd4078e2') in 0.012254 seconds 
========================================================================
Received Import Request.
  Time since last request: 1.360200 seconds.
  path: Assets/KinematicCharacterController/Walkthrough/1- Player Camera Character Setup/Scripts/MyCharacterController.cs
  artifactKey: Guid(4b647278478c8694ab6b00ac51347de7) Importer(815301076,1909f56bfc062723c751e8b465ee728b)
Start importing Assets/KinematicCharacterController/Walkthrough/1- Player Camera Character Setup/Scripts/MyCharacterController.cs using Guid(4b647278478c8694ab6b00ac51347de7) Importer(815301076,1909f56bfc062723c751e8b465ee728b)  -> (artifact id: '4ce0aebeb897a5277a67b04ac7aee95a') in 0.012720 seconds 
========================================================================
Received Import Request.
  Time since last request: 14.777426 seconds.
  path: Assets/KinematicCharacterController/UpgradeGuide.pdf
  artifactKey: Guid(bf7d84d269b2ecf4db54490aa12a2044) Importer(815301076,1909f56bfc062723c751e8b465ee728b)
Start importing Assets/KinematicCharacterController/UpgradeGuide.pdf using Guid(bf7d84d269b2ecf4db54490aa12a2044) Importer(815301076,1909f56bfc062723c751e8b465ee728b)  -> (artifact id: 'ff394f2ef74aee912e40bebb24960f2e') in 0.023839 seconds 
========================================================================
Received Import Request.
  Time since last request: 1.910924 seconds.
  path: Assets/KinematicCharacterController/UserGuide.pdf
  artifactKey: Guid(218002b0df18c6f408925b74449e3784) Importer(815301076,1909f56bfc062723c751e8b465ee728b)
Start importing Assets/KinematicCharacterController/UserGuide.pdf using Guid(218002b0df18c6f408925b74449e3784) Importer(815301076,1909f56bfc062723c751e8b465ee728b)  -> (artifact id: '4192ad98af97b6f07dc914ed82de94df') in 0.012671 seconds 
========================================================================
Received Import Request.
  Time since last request: 466.251098 seconds.
  path: Assets/Animated Character 2/Models/CharacterController.controller
  artifactKey: Guid(e17f2efeaa59f5b4bbfcd90f2b142fb9) Importer(815301076,1909f56bfc062723c751e8b465ee728b)
Start importing Assets/Animated Character 2/Models/CharacterController.controller using Guid(e17f2efeaa59f5b4bbfcd90f2b142fb9) Importer(815301076,1909f56bfc062723c751e8b465ee728b)  -> (artifact id: '8a1288d488d6e9e43631fc169b4dee78') in 0.015816 seconds 
========================================================================
Received Import Request.
  Time since last request: 41.400619 seconds.
  path: Assets/KinematicCharacterController/Examples/Models/BigMesh.fbx
  artifactKey: Guid(7b3263440d2fce2469af539f2ea112d4) Importer(815301076,1909f56bfc062723c751e8b465ee728b)
Start importing Assets/KinematicCharacterController/Examples/Models/BigMesh.fbx using Guid(7b3263440d2fce2469af539f2ea112d4) Importer(815301076,1909f56bfc062723c751e8b465ee728b)  -> (artifact id: '2613547123882d91b03e7aa0c46457d3') in 0.090075 seconds 
========================================================================
Received Import Request.
  Time since last request: 0.000028 seconds.
  path: Assets/KinematicCharacterController/Examples/Models/TriSlope1.fbx
  artifactKey: Guid(d6d109edf651dc54697e5b35f498a328) Importer(815301076,1909f56bfc062723c751e8b465ee728b)
Start importing Assets/KinematicCharacterController/Examples/Models/TriSlope1.fbx using Guid(d6d109edf651dc54697e5b35f498a328) Importer(815301076,1909f56bfc062723c751e8b465ee728b)  -> (artifact id: '89b70d27b5df0702dd263819028c854f') in 0.033456 seconds 
========================================================================
Received Import Request.
  Time since last request: 0.000023 seconds.
  path: Assets/KinematicCharacterController/Examples/Models/StepTest3.fbx
  artifactKey: Guid(541ef61594cba1c4b848171826d808e0) Importer(815301076,1909f56bfc062723c751e8b465ee728b)
Start importing Assets/KinematicCharacterController/Examples/Models/StepTest3.fbx using Guid(541ef61594cba1c4b848171826d808e0) Importer(815301076,1909f56bfc062723c751e8b465ee728b)  -> (artifact id: '8c204352a8ea907f22db8567c4b53e36') in 0.053194 seconds 
========================================================================
Received Import Request.
  Time since last request: 0.000041 seconds.
  path: Assets/KinematicCharacterController/Examples/Models/ring.fbx
  artifactKey: Guid(94c29bfdbb24c4e45a3bc0982aedb13b) Importer(815301076,1909f56bfc062723c751e8b465ee728b)
Start importing Assets/KinematicCharacterController/Examples/Models/ring.fbx using Guid(94c29bfdbb24c4e45a3bc0982aedb13b) Importer(815301076,1909f56bfc062723c751e8b465ee728b)  -> (artifact id: '11364fc2a64065f47ac5fdfebd258d10') in 0.056254 seconds 
========================================================================
Received Import Request.
  Time since last request: 0.000052 seconds.
  path: Assets/KinematicCharacterController/Examples/Models/StepTest2.fbx
  artifactKey: Guid(528aba6b065f6b24f85b2da0c3a616c9) Importer(815301076,1909f56bfc062723c751e8b465ee728b)
Start importing Assets/KinematicCharacterController/Examples/Models/StepTest2.fbx using Guid(528aba6b065f6b24f85b2da0c3a616c9) Importer(815301076,1909f56bfc062723c751e8b465ee728b)  -> (artifact id: '30bfcf55e858cad3c4e816c8e65e9d97') in 0.050589 seconds 
========================================================================
Received Import Request.
  Time since last request: 0.000024 seconds.
  path: Assets/KinematicCharacterController/Examples/Models/TriSlope2.fbx
  artifactKey: Guid(af0439a59cb6f5d4a864c8702e0978ac) Importer(815301076,1909f56bfc062723c751e8b465ee728b)
Start importing Assets/KinematicCharacterController/Examples/Models/TriSlope2.fbx using Guid(af0439a59cb6f5d4a864c8702e0978ac) Importer(815301076,1909f56bfc062723c751e8b465ee728b)  -> (artifact id: '002f49aeb565869c13f1ae861783fcba') in 0.048490 seconds 
========================================================================
Received Import Request.
  Time since last request: 0.000025 seconds.
  path: Assets/KinematicCharacterController/Examples/Models/weirdthingy.fbx
  artifactKey: Guid(6e73d5ad97bcae4479606a8f6e375fa7) Importer(815301076,1909f56bfc062723c751e8b465ee728b)
Start importing Assets/KinematicCharacterController/Examples/Models/weirdthingy.fbx using Guid(6e73d5ad97bcae4479606a8f6e375fa7) Importer(815301076,1909f56bfc062723c751e8b465ee728b)  -> (artifact id: '98cb7fbc6eabb5fd944cd77ad8005090') in 0.040557 seconds 
========================================================================
Received Import Request.
  Time since last request: 0.000031 seconds.
  path: Assets/KinematicCharacterController/Examples/Models/Suzanne.fbx
  artifactKey: Guid(24cbc0be5f22f1c4681decf899eac879) Importer(815301076,1909f56bfc062723c751e8b465ee728b)
Start importing Assets/KinematicCharacterController/Examples/Models/Suzanne.fbx using Guid(24cbc0be5f22f1c4681decf899eac879) Importer(815301076,1909f56bfc062723c751e8b465ee728b)  -> (artifact id: '7417f5b064037c54d375b56910e96b01') in 0.034934 seconds 
========================================================================
Received Import Request.
  Time since last request: 0.000038 seconds.
  path: Assets/KinematicCharacterController/Examples/Models/DualTriSlope.fbx
  artifactKey: Guid(2e973c5a9dd49cf409c99021ad5a63a4) Importer(815301076,1909f56bfc062723c751e8b465ee728b)
Start importing Assets/KinematicCharacterController/Examples/Models/DualTriSlope.fbx using Guid(2e973c5a9dd49cf409c99021ad5a63a4) Importer(815301076,1909f56bfc062723c751e8b465ee728b)  -> (artifact id: '1e9b7e1fc8b783122231c3f1c1944022') in 0.052923 seconds 
========================================================================
Received Import Request.
  Time since last request: 9.318367 seconds.
  path: Assets/KinematicCharacterController/Examples/Models/Materials
  artifactKey: Guid(90817474bfd19b148bdadd8e261a041e) Importer(815301076,1909f56bfc062723c751e8b465ee728b)
Start importing Assets/KinematicCharacterController/Examples/Models/Materials using Guid(90817474bfd19b148bdadd8e261a041e) Importer(815301076,1909f56bfc062723c751e8b465ee728b)  -> (artifact id: '8b7d4ab184ed42d089a7113557a61eca') in 0.013953 seconds 
========================================================================
Received Import Request.
  Time since last request: 262.749488 seconds.
  path: Assets/KinematicCharacterController/Core/IMoverController.cs
  artifactKey: Guid(8ae7eceec45f1be4c8450edc46c0ad36) Importer(815301076,1909f56bfc062723c751e8b465ee728b)
Start importing Assets/KinematicCharacterController/Core/IMoverController.cs using Guid(8ae7eceec45f1be4c8450edc46c0ad36) Importer(815301076,1909f56bfc062723c751e8b465ee728b)  -> (artifact id: '44b362f01eed9a1da8a7c0555a7ef5aa') in 0.012499 seconds 
========================================================================
Received Import Request.
  Time since last request: 0.820684 seconds.
  path: Assets/KinematicCharacterController/Core/KCCSettings.cs
  artifactKey: Guid(2b43d8459fe4812488b2c47ac60e41c3) Importer(815301076,1909f56bfc062723c751e8b465ee728b)
Start importing Assets/KinematicCharacterController/Core/KCCSettings.cs using Guid(2b43d8459fe4812488b2c47ac60e41c3) Importer(815301076,1909f56bfc062723c751e8b465ee728b)  -> (artifact id: 'b2dc3e64613b8b5dc30af302fbebcec4') in 0.011976 seconds 
========================================================================
Received Import Request.
  Time since last request: 0.865994 seconds.
  path: Assets/KinematicCharacterController/Core/KinematicCharacterMotor.cs
  artifactKey: Guid(4d1bc5515e3ab954e80599c538834774) Importer(815301076,1909f56bfc062723c751e8b465ee728b)
Start importing Assets/KinematicCharacterController/Core/KinematicCharacterMotor.cs using Guid(4d1bc5515e3ab954e80599c538834774) Importer(815301076,1909f56bfc062723c751e8b465ee728b)  -> (artifact id: '788bc8e45b166cbc2c4e2e6d10fe7d69') in 0.009624 seconds 
========================================================================
Received Import Request.
  Time since last request: 4.874288 seconds.
  path: Assets/KinematicCharacterController/Core/KinematicCharacterSystem.cs
  artifactKey: Guid(dbd80c9a62d41084aad50ae44255beb9) Importer(815301076,1909f56bfc062723c751e8b465ee728b)
Start importing Assets/KinematicCharacterController/Core/KinematicCharacterSystem.cs using Guid(dbd80c9a62d41084aad50ae44255beb9) Importer(815301076,1909f56bfc062723c751e8b465ee728b)  -> (artifact id: '08c32ba616c0213d36b396aac1e1fc11') in 0.010114 seconds 
========================================================================
Received Import Request.
  Time since last request: 260.759063 seconds.
  path: Assets/KinematicCharacterController/Examples/Scenes
  artifactKey: Guid(b545f44a6c241334bb0983498b3c6adf) Importer(815301076,1909f56bfc062723c751e8b465ee728b)
Start importing Assets/KinematicCharacterController/Examples/Scenes using Guid(b545f44a6c241334bb0983498b3c6adf) Importer(815301076,1909f56bfc062723c751e8b465ee728b)  -> (artifact id: '9305563b2916c61500defb821cf18d30') in 0.011860 seconds 
========================================================================
Received Import Request.
  Time since last request: 1.063681 seconds.
  path: Assets/KinematicCharacterController/Examples/Scenes/CharacterPlayground.unity
  artifactKey: Guid(49c21577d8fcba049bf2f94ab33e2dc2) Importer(815301076,1909f56bfc062723c751e8b465ee728b)
Start importing Assets/KinematicCharacterController/Examples/Scenes/CharacterPlayground.unity using Guid(49c21577d8fcba049bf2f94ab33e2dc2) Importer(815301076,1909f56bfc062723c751e8b465ee728b)  -> (artifact id: 'bd248ead9e7cd3fed678589a34c23184') in 0.011753 seconds 
========================================================================
Received Import Request.
  Time since last request: 2.828156 seconds.
  path: Assets/KinematicCharacterController/Examples/Scenes/StressTest.unity
  artifactKey: Guid(e7e6427a6e574f24797a36b087c19a17) Importer(815301076,1909f56bfc062723c751e8b465ee728b)
Start importing Assets/KinematicCharacterController/Examples/Scenes/StressTest.unity using Guid(e7e6427a6e574f24797a36b087c19a17) Importer(815301076,1909f56bfc062723c751e8b465ee728b)  -> (artifact id: 'a41f075fb93ba354b7201e80a3a6786a') in 0.011627 seconds 
========================================================================
Received Prepare
Registering precompiled user dll's ...
Registered in 0.006767 seconds.
Begin MonoManager ReloadAssembly
Native extension for WindowsStandalone target not found
Refreshing native plugins compatible for Editor in 1.06 ms, found 3 plugins.
Preloading 0 native plugins for Editor in 0.00 ms.
Mono: successfully reloaded assembly
- Completed reload, in  1.657 seconds
Domain Reload Profiling:
	ReloadAssembly (1657ms)
		BeginReloadAssembly (156ms)
			ExecutionOrderSort (0ms)
			DisableScriptedObjects (5ms)
			BackupInstance (0ms)
			ReleaseScriptingObjects (0ms)
			CreateAndSetChildDomain (50ms)
		EndReloadAssembly (1373ms)
			LoadAssemblies (99ms)
			RebuildTransferFunctionScriptingTraits (0ms)
			SetupTypeCache (337ms)
			ReleaseScriptCaches (2ms)
			RebuildScriptCaches (73ms)
			SetupLoadedEditorAssemblies (807ms)
				LogAssemblyErrors (0ms)
				InitializePlatformSupportModulesInManaged (7ms)
				SetLoadedEditorAssemblies (1ms)
				RefreshPlugins (1ms)
				BeforeProcessingInitializeOnLoad (109ms)
				ProcessInitializeOnLoadAttributes (599ms)
				ProcessInitializeOnLoadMethodAttributes (84ms)
				AfterProcessingInitializeOnLoad (6ms)
				EditorAssembliesLoaded (0ms)
			ExecutionOrderSort2 (0ms)
			AwakeInstancesAfterBackupRestoration (8ms)
Platform modules already initialized, skipping
Refreshing native plugins compatible for Editor in 3.74 ms, found 3 plugins.
Preloading 0 native plugins for Editor in 0.00 ms.
Unloading 5371 Unused Serialized files (Serialized files now loaded: 0)
Unloading 29 unused Assets / (0.8 MB). Loaded Objects now: 6008.
Memory consumption went from 225.0 MB to 224.2 MB.
Total: 5.483600 ms (FindLiveObjects: 0.787600 ms CreateObjectMapping: 0.781400 ms MarkObjects: 3.356300 ms  DeleteObjects: 0.556800 ms)

AssetImportParameters requested are different than current active one (requested -> active):
  custom:video-decoder-ogg-theora: a1e56fd34408186e4bbccfd4996cb3dc -> 
  custom:container-muxer-webm: aa71ff27fc2769a1b78a27578f13a17b -> 
  custom:container-demuxer-webm: 4f35f7cbe854078d1ac9338744f61a02 -> 
  custom:video-encoder-webm-vp8: eb34c28f22e8b96e1ab97ce403110664 -> 
  custom:audio-encoder-webm-vorbis: bf7c407c2cedff20999df2af8eb42d56 -> 
  custom:framework-win-MediaFoundation: 216162199b28c13a410421893ffa2e32 -> 
  custom:container-demuxer-ogg: 62fdf1f143b41e24485cea50d1cbac27 -> 
  custom:video-decoder-webm-vp8: 9c59270c3fd7afecdb556c50c9e8de78 -> 
  custom:audio-decoder-ogg-vorbis: bf7c407c2cedff20999df2af8eb42d56 -> 
========================================================================
Received Import Request.
  Time since last request: 444.685912 seconds.
  path: Assets/Scenes/DreamWorld.unity
  artifactKey: Guid(9e56ab8f3d30df8478d6cd3f2da05e33) Importer(815301076,1909f56bfc062723c751e8b465ee728b)
Start importing Assets/Scenes/DreamWorld.unity using Guid(9e56ab8f3d30df8478d6cd3f2da05e33) Importer(815301076,1909f56bfc062723c751e8b465ee728b)  -> (artifact id: '255c24dd0838735ac620ca296713b29e') in 0.025737 seconds 
========================================================================
Received Import Request.
  Time since last request: 309.703320 seconds.
  path: Assets/Main Character
  artifactKey: Guid(39fb62909a28c464d81f0a3e610f41d5) Importer(815301076,1909f56bfc062723c751e8b465ee728b)
Start importing Assets/Main Character using Guid(39fb62909a28c464d81f0a3e610f41d5) Importer(815301076,1909f56bfc062723c751e8b465ee728b)  -> (artifact id: 'd4e0bda456b9b2ea9ff6ee6155ce355d') in 0.015511 seconds 
========================================================================
Received Import Request.
  Time since last request: 9.287431 seconds.
  path: Assets/Main Character/Scripts
  artifactKey: Guid(76850687670c1ab40b3226333d1a282b) Importer(815301076,1909f56bfc062723c751e8b465ee728b)
Start importing Assets/Main Character/Scripts using Guid(76850687670c1ab40b3226333d1a282b) Importer(815301076,1909f56bfc062723c751e8b465ee728b)  -> (artifact id: '151d9eec4bbb2a2cf0f6845df69c1be3') in 0.010682 seconds 
========================================================================
Received Import Request.
  Time since last request: 5.487095 seconds.
  path: Assets/Main Character/Prefabs
  artifactKey: Guid(0bed53927adc7f24d95d6ce3de6b6424) Importer(815301076,1909f56bfc062723c751e8b465ee728b)
Start importing Assets/Main Character/Prefabs using Guid(0bed53927adc7f24d95d6ce3de6b6424) Importer(815301076,1909f56bfc062723c751e8b465ee728b)  -> (artifact id: '39624884f54a023098b151c06e23e85c') in 0.011003 seconds 
========================================================================
Received Import Request.
  Time since last request: 3.570401 seconds.
  path: Assets/Main Character/Animated Character 2/Models/CharacterController.controller
  artifactKey: Guid(e17f2efeaa59f5b4bbfcd90f2b142fb9) Importer(815301076,1909f56bfc062723c751e8b465ee728b)
Start importing Assets/Main Character/Animated Character 2/Models/CharacterController.controller using Guid(e17f2efeaa59f5b4bbfcd90f2b142fb9) Importer(815301076,1909f56bfc062723c751e8b465ee728b)  -> (artifact id: '45898062b96a01206d307184c9342d64') in 0.015641 seconds 
========================================================================
Received Import Request.
  Time since last request: 17.141293 seconds.
  path: Assets/Main Character/Scripts/TopDownViewCharacterController.cs
  artifactKey: Guid(d929188767bb8db4ba5762588057d7c0) Importer(815301076,1909f56bfc062723c751e8b465ee728b)
Start importing Assets/Main Character/Scripts/TopDownViewCharacterController.cs using Guid(d929188767bb8db4ba5762588057d7c0) Importer(815301076,1909f56bfc062723c751e8b465ee728b)  -> (artifact id: 'c230cdc0d9f69312638baad465e14725') in 0.012225 seconds 
========================================================================
Received Prepare
Registering precompiled user dll's ...
Registered in 0.005591 seconds.
Begin MonoManager ReloadAssembly
Native extension for WindowsStandalone target not found
Refreshing native plugins compatible for Editor in 0.90 ms, found 3 plugins.
Preloading 0 native plugins for Editor in 0.00 ms.
Mono: successfully reloaded assembly
- Completed reload, in  1.398 seconds
Domain Reload Profiling:
	ReloadAssembly (1399ms)
		BeginReloadAssembly (187ms)
			ExecutionOrderSort (0ms)
			DisableScriptedObjects (9ms)
			BackupInstance (0ms)
			ReleaseScriptingObjects (0ms)
			CreateAndSetChildDomain (62ms)
		EndReloadAssembly (1113ms)
			LoadAssemblies (125ms)
			RebuildTransferFunctionScriptingTraits (0ms)
			SetupTypeCache (300ms)
			ReleaseScriptCaches (3ms)
			RebuildScriptCaches (54ms)
			SetupLoadedEditorAssemblies (622ms)
				LogAssemblyErrors (0ms)
				InitializePlatformSupportModulesInManaged (5ms)
				SetLoadedEditorAssemblies (0ms)
				RefreshPlugins (1ms)
				BeforeProcessingInitializeOnLoad (82ms)
				ProcessInitializeOnLoadAttributes (458ms)
				ProcessInitializeOnLoadMethodAttributes (69ms)
				AfterProcessingInitializeOnLoad (5ms)
				EditorAssembliesLoaded (0ms)
			ExecutionOrderSort2 (0ms)
			AwakeInstancesAfterBackupRestoration (5ms)
Platform modules already initialized, skipping
Refreshing native plugins compatible for Editor in 1.99 ms, found 3 plugins.
Preloading 0 native plugins for Editor in 0.00 ms.
Unloading 5372 Unused Serialized files (Serialized files now loaded: 0)
Unloading 29 unused Assets / (0.8 MB). Loaded Objects now: 6024.
Memory consumption went from 225.1 MB to 224.3 MB.
Total: 3.530800 ms (FindLiveObjects: 0.379500 ms CreateObjectMapping: 0.218500 ms MarkObjects: 2.616300 ms  DeleteObjects: 0.315800 ms)

AssetImportParameters requested are different than current active one (requested -> active):
  custom:video-decoder-ogg-theora: a1e56fd34408186e4bbccfd4996cb3dc -> 
  custom:container-muxer-webm: aa71ff27fc2769a1b78a27578f13a17b -> 
  custom:container-demuxer-webm: 4f35f7cbe854078d1ac9338744f61a02 -> 
  custom:video-encoder-webm-vp8: eb34c28f22e8b96e1ab97ce403110664 -> 
  custom:audio-encoder-webm-vorbis: bf7c407c2cedff20999df2af8eb42d56 -> 
  custom:framework-win-MediaFoundation: 216162199b28c13a410421893ffa2e32 -> 
  custom:container-demuxer-ogg: 62fdf1f143b41e24485cea50d1cbac27 -> 
  custom:video-decoder-webm-vp8: 9c59270c3fd7afecdb556c50c9e8de78 -> 
  custom:audio-decoder-ogg-vorbis: bf7c407c2cedff20999df2af8eb42d56 -> 
========================================================================
Received Import Request.
  Time since last request: 30.500119 seconds.
  path: Assets/Main Character/Scripts/Dimensional Dream.inputactions
  artifactKey: Guid(429df47504677214f9bc4a5ec57f37d8) Importer(815301076,1909f56bfc062723c751e8b465ee728b)
Start importing Assets/Main Character/Scripts/Dimensional Dream.inputactions using Guid(429df47504677214f9bc4a5ec57f37d8) Importer(815301076,1909f56bfc062723c751e8b465ee728b)  -> (artifact id: '1b0a29e0d6cc1710bcfb3bf3d5c5f02b') in 0.042771 seconds 
========================================================================
Received Import Request.
  Time since last request: 14.672017 seconds.
  path: Assets/Main Character/Scripts/Dimensional Dream.inputactions
  artifactKey: Guid(429df47504677214f9bc4a5ec57f37d8) Importer(815301076,1909f56bfc062723c751e8b465ee728b)
Start importing Assets/Main Character/Scripts/Dimensional Dream.inputactions using Guid(429df47504677214f9bc4a5ec57f37d8) Importer(815301076,1909f56bfc062723c751e8b465ee728b)  -> (artifact id: '2db25c72232a00142f4564b23cc950de') in 0.005028 seconds 
========================================================================
Received Prepare
Registering precompiled user dll's ...
Registered in 0.004882 seconds.
Begin MonoManager ReloadAssembly
Native extension for WindowsStandalone target not found
Refreshing native plugins compatible for Editor in 0.93 ms, found 3 plugins.
Preloading 0 native plugins for Editor in 0.00 ms.
Mono: successfully reloaded assembly
- Completed reload, in  1.275 seconds
Domain Reload Profiling:
	ReloadAssembly (1276ms)
		BeginReloadAssembly (145ms)
			ExecutionOrderSort (0ms)
			DisableScriptedObjects (6ms)
			BackupInstance (0ms)
			ReleaseScriptingObjects (0ms)
			CreateAndSetChildDomain (45ms)
		EndReloadAssembly (1028ms)
			LoadAssemblies (99ms)
			RebuildTransferFunctionScriptingTraits (0ms)
			SetupTypeCache (308ms)
			ReleaseScriptCaches (2ms)
			RebuildScriptCaches (50ms)
			SetupLoadedEditorAssemblies (540ms)
				LogAssemblyErrors (0ms)
				InitializePlatformSupportModulesInManaged (4ms)
				SetLoadedEditorAssemblies (0ms)
				RefreshPlugins (1ms)
				BeforeProcessingInitializeOnLoad (75ms)
				ProcessInitializeOnLoadAttributes (393ms)
				ProcessInitializeOnLoadMethodAttributes (62ms)
				AfterProcessingInitializeOnLoad (5ms)
				EditorAssembliesLoaded (0ms)
			ExecutionOrderSort2 (0ms)
			AwakeInstancesAfterBackupRestoration (5ms)
Platform modules already initialized, skipping
Refreshing native plugins compatible for Editor in 1.98 ms, found 3 plugins.
Preloading 0 native plugins for Editor in 0.00 ms.
Unloading 5373 Unused Serialized files (Serialized files now loaded: 0)
Unloading 29 unused Assets / (0.8 MB). Loaded Objects now: 6040.
Memory consumption went from 225.2 MB to 224.3 MB.
Total: 3.678900 ms (FindLiveObjects: 0.390000 ms CreateObjectMapping: 0.213700 ms MarkObjects: 2.753700 ms  DeleteObjects: 0.320500 ms)

AssetImportParameters requested are different than current active one (requested -> active):
  custom:video-decoder-ogg-theora: a1e56fd34408186e4bbccfd4996cb3dc -> 
  custom:container-muxer-webm: aa71ff27fc2769a1b78a27578f13a17b -> 
  custom:container-demuxer-webm: 4f35f7cbe854078d1ac9338744f61a02 -> 
  custom:video-encoder-webm-vp8: eb34c28f22e8b96e1ab97ce403110664 -> 
  custom:audio-encoder-webm-vorbis: bf7c407c2cedff20999df2af8eb42d56 -> 
  custom:framework-win-MediaFoundation: 216162199b28c13a410421893ffa2e32 -> 
  custom:container-demuxer-ogg: 62fdf1f143b41e24485cea50d1cbac27 -> 
  custom:video-decoder-webm-vp8: 9c59270c3fd7afecdb556c50c9e8de78 -> 
  custom:audio-decoder-ogg-vorbis: bf7c407c2cedff20999df2af8eb42d56 -> 
========================================================================
Received Import Request.
  Time since last request: 217.646969 seconds.
  path: Assets/Main Character/Scripts/Dimensional Dream.cs
  artifactKey: Guid(4438f7188a3d5cc43b05be91a5609cbd) Importer(815301076,1909f56bfc062723c751e8b465ee728b)
Start importing Assets/Main Character/Scripts/Dimensional Dream.cs using Guid(4438f7188a3d5cc43b05be91a5609cbd) Importer(815301076,1909f56bfc062723c751e8b465ee728b)  -> (artifact id: 'd917b6c0c69218d73f67a3c0aab32732') in 0.010212 seconds 
========================================================================
Received Import Request.
  Time since last request: 25.522867 seconds.
  path: Assets/Main Character/Scripts/PlayerInput.inputactions
  artifactKey: Guid(429df47504677214f9bc4a5ec57f37d8) Importer(815301076,1909f56bfc062723c751e8b465ee728b)
Start importing Assets/Main Character/Scripts/PlayerInput.inputactions using Guid(429df47504677214f9bc4a5ec57f37d8) Importer(815301076,1909f56bfc062723c751e8b465ee728b)  -> (artifact id: 'ee71545448fb410a67dd1239fff34c93') in 0.029083 seconds 
========================================================================
Received Prepare
Registering precompiled user dll's ...
Registered in 0.004668 seconds.
Begin MonoManager ReloadAssembly
Native extension for WindowsStandalone target not found
Refreshing native plugins compatible for Editor in 1.36 ms, found 3 plugins.
Preloading 0 native plugins for Editor in 0.00 ms.
Mono: successfully reloaded assembly
- Completed reload, in  1.391 seconds
Domain Reload Profiling:
	ReloadAssembly (1392ms)
		BeginReloadAssembly (177ms)
			ExecutionOrderSort (0ms)
			DisableScriptedObjects (5ms)
			BackupInstance (0ms)
			ReleaseScriptingObjects (0ms)
			CreateAndSetChildDomain (59ms)
		EndReloadAssembly (1111ms)
			LoadAssemblies (122ms)
			RebuildTransferFunctionScriptingTraits (0ms)
			SetupTypeCache (327ms)
			ReleaseScriptCaches (2ms)
			RebuildScriptCaches (58ms)
			SetupLoadedEditorAssemblies (579ms)
				LogAssemblyErrors (0ms)
				InitializePlatformSupportModulesInManaged (6ms)
				SetLoadedEditorAssemblies (1ms)
				RefreshPlugins (1ms)
				BeforeProcessingInitializeOnLoad (90ms)
				ProcessInitializeOnLoadAttributes (405ms)
				ProcessInitializeOnLoadMethodAttributes (70ms)
				AfterProcessingInitializeOnLoad (6ms)
				EditorAssembliesLoaded (0ms)
			ExecutionOrderSort2 (0ms)
			AwakeInstancesAfterBackupRestoration (6ms)
Platform modules already initialized, skipping
Refreshing native plugins compatible for Editor in 2.34 ms, found 3 plugins.
Preloading 0 native plugins for Editor in 0.00 ms.
Unloading 5373 Unused Serialized files (Serialized files now loaded: 0)
Unloading 30 unused Assets / (0.8 MB). Loaded Objects now: 6055.
Memory consumption went from 225.2 MB to 224.4 MB.
Total: 3.517700 ms (FindLiveObjects: 0.385200 ms CreateObjectMapping: 0.214900 ms MarkObjects: 2.576500 ms  DeleteObjects: 0.339800 ms)

AssetImportParameters requested are different than current active one (requested -> active):
  custom:video-decoder-ogg-theora: a1e56fd34408186e4bbccfd4996cb3dc -> 
  custom:container-muxer-webm: aa71ff27fc2769a1b78a27578f13a17b -> 
  custom:container-demuxer-webm: 4f35f7cbe854078d1ac9338744f61a02 -> 
  custom:video-encoder-webm-vp8: eb34c28f22e8b96e1ab97ce403110664 -> 
  custom:audio-encoder-webm-vorbis: bf7c407c2cedff20999df2af8eb42d56 -> 
  custom:framework-win-MediaFoundation: 216162199b28c13a410421893ffa2e32 -> 
  custom:container-demuxer-ogg: 62fdf1f143b41e24485cea50d1cbac27 -> 
  custom:video-decoder-webm-vp8: 9c59270c3fd7afecdb556c50c9e8de78 -> 
  custom:audio-decoder-ogg-vorbis: bf7c407c2cedff20999df2af8eb42d56 -> 
========================================================================
Received Import Request.
  Time since last request: 11.360130 seconds.
  path: Assets/Main Character/Scripts/PlayerInput.cs
  artifactKey: Guid(62c3368ba5781a5468142d5097bfc42f) Importer(815301076,1909f56bfc062723c751e8b465ee728b)
Start importing Assets/Main Character/Scripts/PlayerInput.cs using Guid(62c3368ba5781a5468142d5097bfc42f) Importer(815301076,1909f56bfc062723c751e8b465ee728b)  -> (artifact id: 'a3673f3ce7cfc4d50099c6df122e8785') in 0.009106 seconds 
========================================================================
Received Prepare
Registering precompiled user dll's ...
Registered in 0.013058 seconds.
Begin MonoManager ReloadAssembly
Native extension for WindowsStandalone target not found
Refreshing native plugins compatible for Editor in 0.89 ms, found 3 plugins.
Preloading 0 native plugins for Editor in 0.00 ms.
Mono: successfully reloaded assembly
- Completed reload, in  1.526 seconds
Domain Reload Profiling:
	ReloadAssembly (1527ms)
		BeginReloadAssembly (203ms)
			ExecutionOrderSort (0ms)
			DisableScriptedObjects (7ms)
			BackupInstance (0ms)
			ReleaseScriptingObjects (0ms)
			CreateAndSetChildDomain (55ms)
		EndReloadAssembly (1179ms)
			LoadAssemblies (149ms)
			RebuildTransferFunctionScriptingTraits (0ms)
			SetupTypeCache (399ms)
			ReleaseScriptCaches (2ms)
			RebuildScriptCaches (45ms)
			SetupLoadedEditorAssemblies (594ms)
				LogAssemblyErrors (0ms)
				InitializePlatformSupportModulesInManaged (4ms)
				SetLoadedEditorAssemblies (0ms)
				RefreshPlugins (1ms)
				BeforeProcessingInitializeOnLoad (87ms)
				ProcessInitializeOnLoadAttributes (433ms)
				ProcessInitializeOnLoadMethodAttributes (64ms)
				AfterProcessingInitializeOnLoad (5ms)
				EditorAssembliesLoaded (0ms)
			ExecutionOrderSort2 (0ms)
			AwakeInstancesAfterBackupRestoration (5ms)
Platform modules already initialized, skipping
Refreshing native plugins compatible for Editor in 2.00 ms, found 3 plugins.
Preloading 0 native plugins for Editor in 0.00 ms.
Unloading 5373 Unused Serialized files (Serialized files now loaded: 0)
Unloading 29 unused Assets / (0.8 MB). Loaded Objects now: 6070.
Memory consumption went from 225.2 MB to 224.4 MB.
Total: 3.845400 ms (FindLiveObjects: 0.368700 ms CreateObjectMapping: 0.201900 ms MarkObjects: 2.956500 ms  DeleteObjects: 0.316600 ms)

AssetImportParameters requested are different than current active one (requested -> active):
  custom:video-decoder-ogg-theora: a1e56fd34408186e4bbccfd4996cb3dc -> 
  custom:container-muxer-webm: aa71ff27fc2769a1b78a27578f13a17b -> 
  custom:container-demuxer-webm: 4f35f7cbe854078d1ac9338744f61a02 -> 
  custom:video-encoder-webm-vp8: eb34c28f22e8b96e1ab97ce403110664 -> 
  custom:audio-encoder-webm-vorbis: bf7c407c2cedff20999df2af8eb42d56 -> 
  custom:framework-win-MediaFoundation: 216162199b28c13a410421893ffa2e32 -> 
  custom:container-demuxer-ogg: 62fdf1f143b41e24485cea50d1cbac27 -> 
  custom:video-decoder-webm-vp8: 9c59270c3fd7afecdb556c50c9e8de78 -> 
  custom:audio-decoder-ogg-vorbis: bf7c407c2cedff20999df2af8eb42d56 -> 
========================================================================
Received Import Request.
  Time since last request: 208.424413 seconds.
  path: Assets/Main Character/Scripts/TopDownViewCharacterController.cs
  artifactKey: Guid(d929188767bb8db4ba5762588057d7c0) Importer(815301076,1909f56bfc062723c751e8b465ee728b)
Start importing Assets/Main Character/Scripts/TopDownViewCharacterController.cs using Guid(d929188767bb8db4ba5762588057d7c0) Importer(815301076,1909f56bfc062723c751e8b465ee728b)  -> (artifact id: 'd753f329b66a280828b6974714023fc0') in 0.013554 seconds 
========================================================================
Received Import Request.
  Time since last request: 2.918037 seconds.
  path: Assets/Main Character/Scripts/PlayerInputActions.inputactions
  artifactKey: Guid(429df47504677214f9bc4a5ec57f37d8) Importer(815301076,1909f56bfc062723c751e8b465ee728b)
Start importing Assets/Main Character/Scripts/PlayerInputActions.inputactions using Guid(429df47504677214f9bc4a5ec57f37d8) Importer(815301076,1909f56bfc062723c751e8b465ee728b)  -> (artifact id: '6dcc1a53539359adb8ffbea79609c8f9') in 0.022296 seconds 
========================================================================
Received Prepare
Registering precompiled user dll's ...
Registered in 0.005268 seconds.
Begin MonoManager ReloadAssembly
Native extension for WindowsStandalone target not found
Refreshing native plugins compatible for Editor in 0.85 ms, found 3 plugins.
Preloading 0 native plugins for Editor in 0.00 ms.
Mono: successfully reloaded assembly
- Completed reload, in  1.329 seconds
Domain Reload Profiling:
	ReloadAssembly (1330ms)
		BeginReloadAssembly (171ms)
			ExecutionOrderSort (0ms)
			DisableScriptedObjects (6ms)
			BackupInstance (0ms)
			ReleaseScriptingObjects (0ms)
			CreateAndSetChildDomain (54ms)
		EndReloadAssembly (1059ms)
			LoadAssemblies (117ms)
			RebuildTransferFunctionScriptingTraits (0ms)
			SetupTypeCache (307ms)
			ReleaseScriptCaches (2ms)
			RebuildScriptCaches (46ms)
			SetupLoadedEditorAssemblies (577ms)
				LogAssemblyErrors (0ms)
				InitializePlatformSupportModulesInManaged (4ms)
				SetLoadedEditorAssemblies (0ms)
				RefreshPlugins (1ms)
				BeforeProcessingInitializeOnLoad (77ms)
				ProcessInitializeOnLoadAttributes (428ms)
				ProcessInitializeOnLoadMethodAttributes (62ms)
				AfterProcessingInitializeOnLoad (4ms)
				EditorAssembliesLoaded (0ms)
			ExecutionOrderSort2 (0ms)
			AwakeInstancesAfterBackupRestoration (5ms)
Platform modules already initialized, skipping
Refreshing native plugins compatible for Editor in 2.87 ms, found 3 plugins.
Preloading 0 native plugins for Editor in 0.00 ms.
Unloading 5374 Unused Serialized files (Serialized files now loaded: 0)
Unloading 29 unused Assets / (0.8 MB). Loaded Objects now: 6086.
Memory consumption went from 225.3 MB to 224.5 MB.
Total: 4.180200 ms (FindLiveObjects: 0.456900 ms CreateObjectMapping: 0.222900 ms MarkObjects: 3.035500 ms  DeleteObjects: 0.463700 ms)

AssetImportParameters requested are different than current active one (requested -> active):
  custom:video-decoder-ogg-theora: a1e56fd34408186e4bbccfd4996cb3dc -> 
  custom:container-muxer-webm: aa71ff27fc2769a1b78a27578f13a17b -> 
  custom:container-demuxer-webm: 4f35f7cbe854078d1ac9338744f61a02 -> 
  custom:video-encoder-webm-vp8: eb34c28f22e8b96e1ab97ce403110664 -> 
  custom:audio-encoder-webm-vorbis: bf7c407c2cedff20999df2af8eb42d56 -> 
  custom:framework-win-MediaFoundation: 216162199b28c13a410421893ffa2e32 -> 
  custom:container-demuxer-ogg: 62fdf1f143b41e24485cea50d1cbac27 -> 
  custom:video-decoder-webm-vp8: 9c59270c3fd7afecdb556c50c9e8de78 -> 
  custom:audio-decoder-ogg-vorbis: bf7c407c2cedff20999df2af8eb42d56 -> 
========================================================================
Received Import Request.
  Time since last request: 11.419916 seconds.
  path: Assets/Main Character/Scripts/PlayerInputActions.cs
  artifactKey: Guid(e48941eda4fc69544807e30a5a3b9544) Importer(815301076,1909f56bfc062723c751e8b465ee728b)
Start importing Assets/Main Character/Scripts/PlayerInputActions.cs using Guid(e48941eda4fc69544807e30a5a3b9544) Importer(815301076,1909f56bfc062723c751e8b465ee728b)  -> (artifact id: '49d5b6f99065ec5503b29f068b593aac') in 0.011856 seconds 
========================================================================
Received Prepare
Registering precompiled user dll's ...
Registered in 0.007087 seconds.
Begin MonoManager ReloadAssembly
Native extension for WindowsStandalone target not found
Refreshing native plugins compatible for Editor in 0.88 ms, found 3 plugins.
Preloading 0 native plugins for Editor in 0.00 ms.
Mono: successfully reloaded assembly
- Completed reload, in  1.457 seconds
Domain Reload Profiling:
	ReloadAssembly (1458ms)
		BeginReloadAssembly (241ms)
			ExecutionOrderSort (0ms)
			DisableScriptedObjects (7ms)
			BackupInstance (0ms)
			ReleaseScriptingObjects (0ms)
			CreateAndSetChildDomain (79ms)
		EndReloadAssembly (1097ms)
			LoadAssemblies (140ms)
			RebuildTransferFunctionScriptingTraits (0ms)
			SetupTypeCache (370ms)
			ReleaseScriptCaches (2ms)
			RebuildScriptCaches (48ms)
			SetupLoadedEditorAssemblies (546ms)
				LogAssemblyErrors (0ms)
				InitializePlatformSupportModulesInManaged (4ms)
				SetLoadedEditorAssemblies (0ms)
				RefreshPlugins (1ms)
				BeforeProcessingInitializeOnLoad (76ms)
				ProcessInitializeOnLoadAttributes (401ms)
				ProcessInitializeOnLoadMethodAttributes (59ms)
				AfterProcessingInitializeOnLoad (4ms)
				EditorAssembliesLoaded (0ms)
			ExecutionOrderSort2 (0ms)
			AwakeInstancesAfterBackupRestoration (5ms)
Platform modules already initialized, skipping
Refreshing native plugins compatible for Editor in 2.40 ms, found 3 plugins.
Preloading 0 native plugins for Editor in 0.00 ms.
Unloading 5373 Unused Serialized files (Serialized files now loaded: 0)
Unloading 30 unused Assets / (0.8 MB). Loaded Objects now: 6100.
Memory consumption went from 225.3 MB to 224.5 MB.
Total: 3.611700 ms (FindLiveObjects: 0.406000 ms CreateObjectMapping: 0.216900 ms MarkObjects: 2.646600 ms  DeleteObjects: 0.340900 ms)

AssetImportParameters requested are different than current active one (requested -> active):
  custom:video-decoder-ogg-theora: a1e56fd34408186e4bbccfd4996cb3dc -> 
  custom:container-muxer-webm: aa71ff27fc2769a1b78a27578f13a17b -> 
  custom:container-demuxer-webm: 4f35f7cbe854078d1ac9338744f61a02 -> 
  custom:video-encoder-webm-vp8: eb34c28f22e8b96e1ab97ce403110664 -> 
  custom:audio-encoder-webm-vorbis: bf7c407c2cedff20999df2af8eb42d56 -> 
  custom:framework-win-MediaFoundation: 216162199b28c13a410421893ffa2e32 -> 
  custom:container-demuxer-ogg: 62fdf1f143b41e24485cea50d1cbac27 -> 
  custom:video-decoder-webm-vp8: 9c59270c3fd7afecdb556c50c9e8de78 -> 
  custom:audio-decoder-ogg-vorbis: bf7c407c2cedff20999df2af8eb42d56 -> 
========================================================================
Received Prepare
Registering precompiled user dll's ...
Registered in 0.005754 seconds.
Begin MonoManager ReloadAssembly
Native extension for WindowsStandalone target not found
Refreshing native plugins compatible for Editor in 0.81 ms, found 3 plugins.
Preloading 0 native plugins for Editor in 0.00 ms.
Mono: successfully reloaded assembly
- Completed reload, in  1.298 seconds
Domain Reload Profiling:
	ReloadAssembly (1299ms)
		BeginReloadAssembly (158ms)
			ExecutionOrderSort (0ms)
			DisableScriptedObjects (5ms)
			BackupInstance (0ms)
			ReleaseScriptingObjects (0ms)
			CreateAndSetChildDomain (53ms)
		EndReloadAssembly (1039ms)
			LoadAssemblies (103ms)
			RebuildTransferFunctionScriptingTraits (0ms)
			SetupTypeCache (309ms)
			ReleaseScriptCaches (2ms)
			RebuildScriptCaches (54ms)
			SetupLoadedEditorAssemblies (547ms)
				LogAssemblyErrors (0ms)
				InitializePlatformSupportModulesInManaged (7ms)
				SetLoadedEditorAssemblies (1ms)
				RefreshPlugins (1ms)
				BeforeProcessingInitializeOnLoad (78ms)
				ProcessInitializeOnLoadAttributes (403ms)
				ProcessInitializeOnLoadMethodAttributes (53ms)
				AfterProcessingInitializeOnLoad (5ms)
				EditorAssembliesLoaded (0ms)
			ExecutionOrderSort2 (0ms)
			AwakeInstancesAfterBackupRestoration (4ms)
Platform modules already initialized, skipping
Refreshing native plugins compatible for Editor in 2.56 ms, found 3 plugins.
Preloading 0 native plugins for Editor in 0.00 ms.
Unloading 5373 Unused Serialized files (Serialized files now loaded: 0)
Unloading 29 unused Assets / (0.8 MB). Loaded Objects now: 6115.
Memory consumption went from 225.2 MB to 224.4 MB.
Total: 4.193700 ms (FindLiveObjects: 0.435800 ms CreateObjectMapping: 0.227300 ms MarkObjects: 3.164400 ms  DeleteObjects: 0.364500 ms)

AssetImportParameters requested are different than current active one (requested -> active):
  custom:video-decoder-ogg-theora: a1e56fd34408186e4bbccfd4996cb3dc -> 
  custom:container-muxer-webm: aa71ff27fc2769a1b78a27578f13a17b -> 
  custom:container-demuxer-webm: 4f35f7cbe854078d1ac9338744f61a02 -> 
  custom:video-encoder-webm-vp8: eb34c28f22e8b96e1ab97ce403110664 -> 
  custom:audio-encoder-webm-vorbis: bf7c407c2cedff20999df2af8eb42d56 -> 
  custom:framework-win-MediaFoundation: 216162199b28c13a410421893ffa2e32 -> 
  custom:container-demuxer-ogg: 62fdf1f143b41e24485cea50d1cbac27 -> 
  custom:video-decoder-webm-vp8: 9c59270c3fd7afecdb556c50c9e8de78 -> 
  custom:audio-decoder-ogg-vorbis: bf7c407c2cedff20999df2af8eb42d56 -> 
========================================================================
Received Prepare
Registering precompiled user dll's ...
Registered in 0.010044 seconds.
Begin MonoManager ReloadAssembly
Native extension for WindowsStandalone target not found
Refreshing native plugins compatible for Editor in 1.38 ms, found 3 plugins.
Preloading 0 native plugins for Editor in 0.00 ms.
Mono: successfully reloaded assembly
- Completed reload, in  1.270 seconds
Domain Reload Profiling:
	ReloadAssembly (1271ms)
		BeginReloadAssembly (159ms)
			ExecutionOrderSort (0ms)
			DisableScriptedObjects (6ms)
			BackupInstance (0ms)
			ReleaseScriptingObjects (0ms)
			CreateAndSetChildDomain (54ms)
		EndReloadAssembly (1032ms)
			LoadAssemblies (85ms)
			RebuildTransferFunctionScriptingTraits (0ms)
			SetupTypeCache (264ms)
			ReleaseScriptCaches (2ms)
			RebuildScriptCaches (47ms)
			SetupLoadedEditorAssemblies (591ms)
				LogAssemblyErrors (0ms)
				InitializePlatformSupportModulesInManaged (6ms)
				SetLoadedEditorAssemblies (1ms)
				RefreshPlugins (1ms)
				BeforeProcessingInitializeOnLoad (79ms)
				ProcessInitializeOnLoadAttributes (429ms)
				ProcessInitializeOnLoadMethodAttributes (70ms)
				AfterProcessingInitializeOnLoad (4ms)
				EditorAssembliesLoaded (0ms)
			ExecutionOrderSort2 (0ms)
			AwakeInstancesAfterBackupRestoration (5ms)
Platform modules already initialized, skipping
Refreshing native plugins compatible for Editor in 3.15 ms, found 3 plugins.
Preloading 0 native plugins for Editor in 0.00 ms.
Unloading 5373 Unused Serialized files (Serialized files now loaded: 0)
Unloading 29 unused Assets / (0.8 MB). Loaded Objects now: 6130.
Memory consumption went from 225.3 MB to 224.4 MB.
Total: 3.492000 ms (FindLiveObjects: 0.369100 ms CreateObjectMapping: 0.201200 ms MarkObjects: 2.594500 ms  DeleteObjects: 0.326400 ms)

AssetImportParameters requested are different than current active one (requested -> active):
  custom:video-decoder-ogg-theora: a1e56fd34408186e4bbccfd4996cb3dc -> 
  custom:container-muxer-webm: aa71ff27fc2769a1b78a27578f13a17b -> 
  custom:container-demuxer-webm: 4f35f7cbe854078d1ac9338744f61a02 -> 
  custom:video-encoder-webm-vp8: eb34c28f22e8b96e1ab97ce403110664 -> 
  custom:audio-encoder-webm-vorbis: bf7c407c2cedff20999df2af8eb42d56 -> 
  custom:framework-win-MediaFoundation: 216162199b28c13a410421893ffa2e32 -> 
  custom:container-demuxer-ogg: 62fdf1f143b41e24485cea50d1cbac27 -> 
  custom:video-decoder-webm-vp8: 9c59270c3fd7afecdb556c50c9e8de78 -> 
  custom:audio-decoder-ogg-vorbis: bf7c407c2cedff20999df2af8eb42d56 -> 
========================================================================
Received Prepare
Registering precompiled user dll's ...
Registered in 0.013629 seconds.
Begin MonoManager ReloadAssembly
Native extension for WindowsStandalone target not found
Refreshing native plugins compatible for Editor in 0.98 ms, found 3 plugins.
Preloading 0 native plugins for Editor in 0.00 ms.
Mono: successfully reloaded assembly
- Completed reload, in  1.645 seconds
Domain Reload Profiling:
	ReloadAssembly (1646ms)
		BeginReloadAssembly (166ms)
			ExecutionOrderSort (0ms)
			DisableScriptedObjects (7ms)
			BackupInstance (0ms)
			ReleaseScriptingObjects (0ms)
			CreateAndSetChildDomain (50ms)
		EndReloadAssembly (1347ms)
			LoadAssemblies (113ms)
			RebuildTransferFunctionScriptingTraits (0ms)
			SetupTypeCache (397ms)
			ReleaseScriptCaches (2ms)
			RebuildScriptCaches (65ms)
			SetupLoadedEditorAssemblies (722ms)
				LogAssemblyErrors (0ms)
				InitializePlatformSupportModulesInManaged (5ms)
				SetLoadedEditorAssemblies (0ms)
				RefreshPlugins (1ms)
				BeforeProcessingInitializeOnLoad (94ms)
				ProcessInitializeOnLoadAttributes (558ms)
				ProcessInitializeOnLoadMethodAttributes (59ms)
				AfterProcessingInitializeOnLoad (4ms)
				EditorAssembliesLoaded (0ms)
			ExecutionOrderSort2 (0ms)
			AwakeInstancesAfterBackupRestoration (5ms)
Platform modules already initialized, skipping
Refreshing native plugins compatible for Editor in 2.81 ms, found 3 plugins.
Preloading 0 native plugins for Editor in 0.00 ms.
Unloading 5373 Unused Serialized files (Serialized files now loaded: 0)
Unloading 29 unused Assets / (0.8 MB). Loaded Objects now: 6145.
Memory consumption went from 225.3 MB to 224.5 MB.
Total: 4.076000 ms (FindLiveObjects: 0.401000 ms CreateObjectMapping: 0.225700 ms MarkObjects: 2.954200 ms  DeleteObjects: 0.493700 ms)

AssetImportParameters requested are different than current active one (requested -> active):
  custom:video-decoder-ogg-theora: a1e56fd34408186e4bbccfd4996cb3dc -> 
  custom:container-muxer-webm: aa71ff27fc2769a1b78a27578f13a17b -> 
  custom:container-demuxer-webm: 4f35f7cbe854078d1ac9338744f61a02 -> 
  custom:video-encoder-webm-vp8: eb34c28f22e8b96e1ab97ce403110664 -> 
  custom:audio-encoder-webm-vorbis: bf7c407c2cedff20999df2af8eb42d56 -> 
  custom:framework-win-MediaFoundation: 216162199b28c13a410421893ffa2e32 -> 
  custom:container-demuxer-ogg: 62fdf1f143b41e24485cea50d1cbac27 -> 
  custom:video-decoder-webm-vp8: 9c59270c3fd7afecdb556c50c9e8de78 -> 
  custom:audio-decoder-ogg-vorbis: bf7c407c2cedff20999df2af8eb42d56 -> 
========================================================================
Received Prepare
Registering precompiled user dll's ...
Registered in 0.011520 seconds.
Begin MonoManager ReloadAssembly
Native extension for WindowsStandalone target not found
Refreshing native plugins compatible for Editor in 1.32 ms, found 3 plugins.
Preloading 0 native plugins for Editor in 0.00 ms.
Mono: successfully reloaded assembly
- Completed reload, in  1.611 seconds
Domain Reload Profiling:
	ReloadAssembly (1612ms)
		BeginReloadAssembly (234ms)
			ExecutionOrderSort (0ms)
			DisableScriptedObjects (9ms)
			BackupInstance (0ms)
			ReleaseScriptingObjects (0ms)
			CreateAndSetChildDomain (62ms)
		EndReloadAssembly (1224ms)
			LoadAssemblies (157ms)
			RebuildTransferFunctionScriptingTraits (0ms)
			SetupTypeCache (442ms)
			ReleaseScriptCaches (2ms)
			RebuildScriptCaches (45ms)
			SetupLoadedEditorAssemblies (584ms)
				LogAssemblyErrors (0ms)
				InitializePlatformSupportModulesInManaged (6ms)
				SetLoadedEditorAssemblies (1ms)
				RefreshPlugins (1ms)
				BeforeProcessingInitializeOnLoad (123ms)
				ProcessInitializeOnLoadAttributes (393ms)
				ProcessInitializeOnLoadMethodAttributes (54ms)
				AfterProcessingInitializeOnLoad (6ms)
				EditorAssembliesLoaded (0ms)
			ExecutionOrderSort2 (0ms)
			AwakeInstancesAfterBackupRestoration (7ms)
Platform modules already initialized, skipping
Refreshing native plugins compatible for Editor in 1.92 ms, found 3 plugins.
Preloading 0 native plugins for Editor in 0.00 ms.
Unloading 5373 Unused Serialized files (Serialized files now loaded: 0)
Unloading 29 unused Assets / (0.8 MB). Loaded Objects now: 6160.
Memory consumption went from 225.3 MB to 224.5 MB.
Total: 3.861300 ms (FindLiveObjects: 0.410300 ms CreateObjectMapping: 0.219700 ms MarkObjects: 2.872600 ms  DeleteObjects: 0.357200 ms)

AssetImportParameters requested are different than current active one (requested -> active):
  custom:video-decoder-ogg-theora: a1e56fd34408186e4bbccfd4996cb3dc -> 
  custom:container-muxer-webm: aa71ff27fc2769a1b78a27578f13a17b -> 
  custom:container-demuxer-webm: 4f35f7cbe854078d1ac9338744f61a02 -> 
  custom:video-encoder-webm-vp8: eb34c28f22e8b96e1ab97ce403110664 -> 
  custom:audio-encoder-webm-vorbis: bf7c407c2cedff20999df2af8eb42d56 -> 
  custom:framework-win-MediaFoundation: 216162199b28c13a410421893ffa2e32 -> 
  custom:container-demuxer-ogg: 62fdf1f143b41e24485cea50d1cbac27 -> 
  custom:video-decoder-webm-vp8: 9c59270c3fd7afecdb556c50c9e8de78 -> 
  custom:audio-decoder-ogg-vorbis: bf7c407c2cedff20999df2af8eb42d56 -> 
========================================================================
Received Prepare
Registering precompiled user dll's ...
Registered in 0.006826 seconds.
Begin MonoManager ReloadAssembly
Native extension for WindowsStandalone target not found
Refreshing native plugins compatible for Editor in 1.45 ms, found 3 plugins.
Preloading 0 native plugins for Editor in 0.00 ms.
Mono: successfully reloaded assembly
- Completed reload, in  1.547 seconds
Domain Reload Profiling:
	ReloadAssembly (1548ms)
		BeginReloadAssembly (258ms)
			ExecutionOrderSort (0ms)
			DisableScriptedObjects (5ms)
			BackupInstance (0ms)
			ReleaseScriptingObjects (0ms)
			CreateAndSetChildDomain (77ms)
		EndReloadAssembly (1137ms)
			LoadAssemblies (148ms)
			RebuildTransferFunctionScriptingTraits (0ms)
			SetupTypeCache (290ms)
			ReleaseScriptCaches (2ms)
			RebuildScriptCaches (60ms)
			SetupLoadedEditorAssemblies (661ms)
				LogAssemblyErrors (0ms)
				InitializePlatformSupportModulesInManaged (11ms)
				SetLoadedEditorAssemblies (1ms)
				RefreshPlugins (2ms)
				BeforeProcessingInitializeOnLoad (87ms)
				ProcessInitializeOnLoadAttributes (470ms)
				ProcessInitializeOnLoadMethodAttributes (85ms)
				AfterProcessingInitializeOnLoad (6ms)
				EditorAssembliesLoaded (0ms)
			ExecutionOrderSort2 (0ms)
			AwakeInstancesAfterBackupRestoration (7ms)
Platform modules already initialized, skipping
Refreshing native plugins compatible for Editor in 1.97 ms, found 3 plugins.
Preloading 0 native plugins for Editor in 0.00 ms.
Unloading 5373 Unused Serialized files (Serialized files now loaded: 0)
Unloading 29 unused Assets / (0.8 MB). Loaded Objects now: 6175.
Memory consumption went from 225.3 MB to 224.5 MB.
Total: 3.820900 ms (FindLiveObjects: 0.389300 ms CreateObjectMapping: 0.205300 ms MarkObjects: 2.910500 ms  DeleteObjects: 0.314900 ms)

AssetImportParameters requested are different than current active one (requested -> active):
  custom:video-decoder-ogg-theora: a1e56fd34408186e4bbccfd4996cb3dc -> 
  custom:container-muxer-webm: aa71ff27fc2769a1b78a27578f13a17b -> 
  custom:container-demuxer-webm: 4f35f7cbe854078d1ac9338744f61a02 -> 
  custom:video-encoder-webm-vp8: eb34c28f22e8b96e1ab97ce403110664 -> 
  custom:audio-encoder-webm-vorbis: bf7c407c2cedff20999df2af8eb42d56 -> 
  custom:framework-win-MediaFoundation: 216162199b28c13a410421893ffa2e32 -> 
  custom:container-demuxer-ogg: 62fdf1f143b41e24485cea50d1cbac27 -> 
  custom:video-decoder-webm-vp8: 9c59270c3fd7afecdb556c50c9e8de78 -> 
  custom:audio-decoder-ogg-vorbis: bf7c407c2cedff20999df2af8eb42d56 -> 
========================================================================
Received Prepare
Registering precompiled user dll's ...
Registered in 0.008219 seconds.
Begin MonoManager ReloadAssembly
Native extension for WindowsStandalone target not found
Refreshing native plugins compatible for Editor in 0.96 ms, found 3 plugins.
Preloading 0 native plugins for Editor in 0.00 ms.
Mono: successfully reloaded assembly
- Completed reload, in  1.499 seconds
Domain Reload Profiling:
	ReloadAssembly (1499ms)
		BeginReloadAssembly (242ms)
			ExecutionOrderSort (0ms)
			DisableScriptedObjects (9ms)
			BackupInstance (0ms)
			ReleaseScriptingObjects (0ms)
			CreateAndSetChildDomain (88ms)
		EndReloadAssembly (1103ms)
			LoadAssemblies (131ms)
			RebuildTransferFunctionScriptingTraits (0ms)
			SetupTypeCache (313ms)
			ReleaseScriptCaches (2ms)
			RebuildScriptCaches (55ms)
			SetupLoadedEditorAssemblies (605ms)
				LogAssemblyErrors (0ms)
				InitializePlatformSupportModulesInManaged (4ms)
				SetLoadedEditorAssemblies (0ms)
				RefreshPlugins (1ms)
				BeforeProcessingInitializeOnLoad (96ms)
				ProcessInitializeOnLoadAttributes (440ms)
				ProcessInitializeOnLoadMethodAttributes (57ms)
				AfterProcessingInitializeOnLoad (6ms)
				EditorAssembliesLoaded (0ms)
			ExecutionOrderSort2 (0ms)
			AwakeInstancesAfterBackupRestoration (6ms)
Platform modules already initialized, skipping
Refreshing native plugins compatible for Editor in 1.99 ms, found 3 plugins.
Preloading 0 native plugins for Editor in 0.00 ms.
Unloading 5373 Unused Serialized files (Serialized files now loaded: 0)
Unloading 29 unused Assets / (0.8 MB). Loaded Objects now: 6190.
Memory consumption went from 225.3 MB to 224.5 MB.
Total: 4.207800 ms (FindLiveObjects: 0.666300 ms CreateObjectMapping: 0.310600 ms MarkObjects: 2.880500 ms  DeleteObjects: 0.349400 ms)

AssetImportParameters requested are different than current active one (requested -> active):
  custom:video-decoder-ogg-theora: a1e56fd34408186e4bbccfd4996cb3dc -> 
  custom:container-muxer-webm: aa71ff27fc2769a1b78a27578f13a17b -> 
  custom:container-demuxer-webm: 4f35f7cbe854078d1ac9338744f61a02 -> 
  custom:video-encoder-webm-vp8: eb34c28f22e8b96e1ab97ce403110664 -> 
  custom:audio-encoder-webm-vorbis: bf7c407c2cedff20999df2af8eb42d56 -> 
  custom:framework-win-MediaFoundation: 216162199b28c13a410421893ffa2e32 -> 
  custom:container-demuxer-ogg: 62fdf1f143b41e24485cea50d1cbac27 -> 
  custom:video-decoder-webm-vp8: 9c59270c3fd7afecdb556c50c9e8de78 -> 
  custom:audio-decoder-ogg-vorbis: bf7c407c2cedff20999df2af8eb42d56 -> 
========================================================================
Received Import Request.
  Time since last request: 781.040863 seconds.
  path: Assets/KinematicCharacterController/Walkthrough/2- Basic Movement and Gravity
  artifactKey: Guid(4a09a3a645891834fb9ceaa5cbc1a07a) Importer(815301076,1909f56bfc062723c751e8b465ee728b)
Start importing Assets/KinematicCharacterController/Walkthrough/2- Basic Movement and Gravity using Guid(4a09a3a645891834fb9ceaa5cbc1a07a) Importer(815301076,1909f56bfc062723c751e8b465ee728b)  -> (artifact id: 'bfa42dde9cc66c1d8ae7c5eba0b5498b') in 0.024039 seconds 
========================================================================
Received Import Request.
  Time since last request: 0.654934 seconds.
  path: Assets/KinematicCharacterController/Walkthrough/11- Charging state
  artifactKey: Guid(e269b81cba6bb824b8219057530f5311) Importer(815301076,1909f56bfc062723c751e8b465ee728b)
Start importing Assets/KinematicCharacterController/Walkthrough/11- Charging state using Guid(e269b81cba6bb824b8219057530f5311) Importer(815301076,1909f56bfc062723c751e8b465ee728b)  -> (artifact id: '818d65da82b39abcc8a64c0497374761') in 0.014065 seconds 
========================================================================
Received Prepare
Registering precompiled user dll's ...
Registered in 0.006086 seconds.
Begin MonoManager ReloadAssembly
Native extension for WindowsStandalone target not found
Refreshing native plugins compatible for Editor in 1.51 ms, found 3 plugins.
Preloading 0 native plugins for Editor in 0.00 ms.
Mono: successfully reloaded assembly
- Completed reload, in  1.407 seconds
Domain Reload Profiling:
	ReloadAssembly (1407ms)
		BeginReloadAssembly (176ms)
			ExecutionOrderSort (0ms)
			DisableScriptedObjects (7ms)
			BackupInstance (0ms)
			ReleaseScriptingObjects (0ms)
			CreateAndSetChildDomain (57ms)
		EndReloadAssembly (1117ms)
			LoadAssemblies (116ms)
			RebuildTransferFunctionScriptingTraits (0ms)
			SetupTypeCache (279ms)
			ReleaseScriptCaches (3ms)
			RebuildScriptCaches (50ms)
			SetupLoadedEditorAssemblies (643ms)
				LogAssemblyErrors (0ms)
				InitializePlatformSupportModulesInManaged (6ms)
				SetLoadedEditorAssemblies (1ms)
				RefreshPlugins (2ms)
				BeforeProcessingInitializeOnLoad (111ms)
				ProcessInitializeOnLoadAttributes (464ms)
				ProcessInitializeOnLoadMethodAttributes (55ms)
				AfterProcessingInitializeOnLoad (5ms)
				EditorAssembliesLoaded (0ms)
			ExecutionOrderSort2 (0ms)
			AwakeInstancesAfterBackupRestoration (5ms)
Platform modules already initialized, skipping
Refreshing native plugins compatible for Editor in 1.95 ms, found 3 plugins.
Preloading 0 native plugins for Editor in 0.00 ms.
Unloading 5313 Unused Serialized files (Serialized files now loaded: 0)
Unloading 86 unused Assets / (0.8 MB). Loaded Objects now: 6148.
Memory consumption went from 224.1 MB to 223.3 MB.
Total: 3.967200 ms (FindLiveObjects: 0.446900 ms CreateObjectMapping: 0.252300 ms MarkObjects: 2.893900 ms  DeleteObjects: 0.373100 ms)

AssetImportParameters requested are different than current active one (requested -> active):
  custom:video-decoder-ogg-theora: a1e56fd34408186e4bbccfd4996cb3dc -> 
  custom:container-muxer-webm: aa71ff27fc2769a1b78a27578f13a17b -> 
  custom:container-demuxer-webm: 4f35f7cbe854078d1ac9338744f61a02 -> 
  custom:video-encoder-webm-vp8: eb34c28f22e8b96e1ab97ce403110664 -> 
  custom:audio-encoder-webm-vorbis: bf7c407c2cedff20999df2af8eb42d56 -> 
  custom:framework-win-MediaFoundation: 216162199b28c13a410421893ffa2e32 -> 
  custom:container-demuxer-ogg: 62fdf1f143b41e24485cea50d1cbac27 -> 
  custom:video-decoder-webm-vp8: 9c59270c3fd7afecdb556c50c9e8de78 -> 
  custom:audio-decoder-ogg-vorbis: bf7c407c2cedff20999df2af8eb42d56 -> 
